------Start of DE processing------ = [13/3/25, 15:59:03:783 CST]
Exception = com.ibm.wsspi.adaptable.module.UnableToAdaptException
Source = com.ibm.ws.app.manager.war.internal.WARApplicationHandlerImpl
probeid = 53
Stack Dump = com.ibm.wsspi.adaptable.module.UnableToAdaptException: com.ibm.ws.javaee.ddmodel.DDParser$ParseException: CWWKC2263E: El descriptor de despliegue webapp : WEB-INF/web.xml de la línea 5 especifica la versión 60, que es superior a la versión 31 suministrada actualmente.
	at com.ibm.ws.javaee.ddmodel.web.WebAppEntryAdapter.adapt(WebAppEntryAdapter.java:63)
	at com.ibm.ws.javaee.ddmodel.web.WebAppEntryAdapter.adapt(WebAppEntryAdapter.java:28)
	at com.ibm.ws.adaptable.module.internal.AdapterFactoryServiceImpl.adapt(AdapterFactoryServiceImpl.java:233)
	at com.ibm.ws.adaptable.module.internal.AdaptableEntryImpl.adapt(AdaptableEntryImpl.java:123)
	at com.ibm.ws.javaee.ddmodel.web.WebAppAdapter.adapt(WebAppAdapter.java:40)
	at com.ibm.ws.javaee.ddmodel.web.WebAppAdapter.adapt(WebAppAdapter.java:26)
	at com.ibm.ws.adaptable.module.internal.AdapterFactoryServiceImpl.adapt(AdapterFactoryServiceImpl.java:202)
	at com.ibm.ws.adaptable.module.internal.AdaptableContainerImpl.adapt(AdaptableContainerImpl.java:176)
	at com.ibm.ws.app.manager.module.internal.SimpleDeployedAppInfoBase$ModuleContainerInfoBase.<init>(SimpleDeployedAppInfoBase.java:182)
	at com.ibm.ws.app.manager.module.internal.SimpleDeployedAppInfoBase$WebModuleContainerInfo.<init>(SimpleDeployedAppInfoBase.java:428)
	at com.ibm.ws.app.manager.module.internal.SimpleDeployedAppInfoBase$WebModuleContainerInfo.<init>(SimpleDeployedAppInfoBase.java:418)
	at com.ibm.ws.app.manager.war.internal.WARDeployedAppInfo.<init>(WARDeployedAppInfo.java:67)
	at com.ibm.ws.app.manager.war.internal.WARDeployedAppInfoFactoryImpl.createDeployedAppInfo(WARDeployedAppInfoFactoryImpl.java:170)
	at com.ibm.ws.app.manager.war.internal.WARDeployedAppInfoFactoryImpl.createDeployedAppInfo(WARDeployedAppInfoFactoryImpl.java:37)
	at com.ibm.ws.app.manager.war.internal.WARApplicationHandlerImpl.setUpApplicationMonitoring(WARApplicationHandlerImpl.java:52)
	at com.ibm.ws.app.manager.internal.statemachine.StartAction.execute(StartAction.java:194)
	at com.ibm.ws.app.manager.internal.statemachine.ApplicationStateMachineImpl.enterState(ApplicationStateMachineImpl.java:1369)
	at com.ibm.ws.app.manager.internal.statemachine.ApplicationStateMachineImpl.run(ApplicationStateMachineImpl.java:912)
	at com.ibm.ws.threading.internal.ExecutorServiceImpl$RunnableWrapper.run(ExecutorServiceImpl.java:298)
	at java.base/java.util.concurrent.ThreadPoolExecutor.runWorker(ThreadPoolExecutor.java:1144)
	at java.base/java.util.concurrent.ThreadPoolExecutor$Worker.run(ThreadPoolExecutor.java:642)
	at java.base/java.lang.Thread.run(Thread.java:1583)
Caused by: com.ibm.ws.javaee.ddmodel.DDParser$ParseException: CWWKC2263E: El descriptor de despliegue webapp : WEB-INF/web.xml de la línea 5 especifica la versión 60, que es superior a la versión 31 suministrada actualmente.
	at com.ibm.ws.javaee.ddmodel.DDParserSpec.createRootParsable(DDParserSpec.java:122)
	at com.ibm.ws.javaee.ddmodel.DDParser.parseRootElement(DDParser.java:932)
	at com.ibm.ws.javaee.ddmodel.DDParser.parse(DDParser.java:911)
	at com.ibm.ws.javaee.ddmodel.web.WebAppDDParser.parse(WebAppDDParser.java:68)
	at com.ibm.ws.javaee.ddmodel.web.WebAppEntryAdapter.adapt(WebAppEntryAdapter.java:61)
	... 21 more

Dump of callerThis
Object type = com.ibm.ws.app.manager.war.internal.WARApplicationHandlerImpl
  futureMonitor = class com.ibm.ws.threading.internal.FutureMonitorImpl@4726e470
    _monitor = class java.util.concurrent.ConcurrentLinkedQueue@39f082be
      serialVersionUID = "/* Could not access serialVersionUID */"
      head = "/* Could not access head */"
      tail = "/* Could not access tail */"
      MAX_HOPS = "/* Could not access MAX_HOPS */"
      HEAD = "/* Could not access HEAD */"
      TAIL = "/* Could not access TAIL */"
      ITEM = "/* Could not access ITEM */"
      NEXT = "/* Could not access NEXT */"
    _executor = class com.ibm.ws.threading.internal.DeferrableScheduledExecutorImpl@2ca92a2b
      PERIOD_MILLISECONDS = 15000
      executor = class com.ibm.ws.threading.internal.ScheduledExecutorImpl@2f9e5a4b
      serialVersionUID = 4761900424000004220
      $$$tc$$$ = class com.ibm.websphere.ras.TraceComponent@7f3b0d98
    _threadRunning = class java.util.concurrent.atomic.AtomicBoolean@6467ad49
      serialVersionUID = "/* Could not access serialVersionUID */"
      VALUE = "/* Could not access VALUE */"
      value = "/* Could not access value */"
    _thread = class com.ibm.ws.threading.internal.FutureMonitorImpl$1@774b3303
      this$0 = class com.ibm.ws.threading.internal.FutureMonitorImpl@4726e470
      serialVersionUID = 2422512430832938099
      $$$tc$$$ = class com.ibm.websphere.ras.TraceComponent@6456cf03
    serialVersionUID = 2765238413969174390
    $$$tc$$$ = class com.ibm.websphere.ras.TraceComponent@579f2a94
      strings[0] = "TraceComponent[com.ibm.ws.threading.internal.FutureMonitorImpl,class com.ibm.ws.threading.internal.FutureMonitorImpl,[Threading],com.ibm.ws.threading.internal.resources.ThreadingMessages,null]"
  deployedAppFactory = class com.ibm.ws.app.manager.war.internal.WARDeployedAppInfoFactoryImpl@56eb704f
    tc = class com.ibm.websphere.ras.TraceComponent@1a442575
      strings[0] = "TraceComponent[com.ibm.ws.app.manager.war.internal.WARDeployedAppInfoFactoryImpl,class com.ibm.ws.app.manager.war.internal.WARDeployedAppInfoFactoryImpl,[webcontainer, applications, app.manager],com.ibm.ws.app.manager.war.internal.resources.Messages,null]"
    DEFAULT_APP_LOCATION = "${server.config.dir}/apps/expanded/"
    deployedAppServices = class com.ibm.ws.app.manager.module.internal.DeployedAppServicesImpl@52b3d8
      SERVER_APPS_DIR = "${server.output.dir}/apps/"
      EXPANDED_APPS_DIR = "${server.output.dir}/apps/expanded/"
      bundleContext = class org.eclipse.osgi.internal.framework.BundleContextImpl@f35096a
      applicationInfoFactory = class com.ibm.ws.container.service.app.deploy.internal.ApplicationInfoFactoryImpl@58a73283
      futureMonitor = class com.ibm.ws.threading.internal.FutureMonitorImpl@4726e470
      classLoadingService = class com.ibm.ws.classloading.internal.ClassLoadingServiceImpl@fb2612b
      globalSharedLibrary = class com.ibm.ws.library.internal.SharedLibraryImpl@51ab76b1
      globalSharedLibraryPid = "com.ibm.ws.classloading.sharedlibrary_0"
      configAdmin = class com.ibm.ws.config.admin.internal.ConfigurationAdminImpl@7172d120
      metaDataService = class com.ibm.ws.container.service.metadata.internal.MetaDataServiceImpl@4a93aa26
      stateChangeService = class com.ibm.ws.container.service.state.internal.StateChangeServiceImpl@2f0e292d
      allModuleTypes = class java.lang.String[4]
      moduleMetaDataExtenders = class java.util.concurrent.ConcurrentHashMap@c8746b1
      nestedModuleMetaDataFactories = class java.util.concurrent.ConcurrentHashMap@613a76e
      permissionManager = class com.ibm.ws.classloading.java2sec.PermissionManager@610f9d5d
      locAdmin = class com.ibm.ws.kernel.service.location.internal.WsLocationAdminImpl@2015699b
      artifactFactory = class com.ibm.ws.artifact.internal.ArtifactContainerFactoryService@5dd3b76e
      moduleFactory = class com.ibm.ws.adaptable.module.internal.AdaptableModuleFactoryImpl@46931296
      serialVersionUID = 8537801607979767986
      $$$tc$$$ = class com.ibm.websphere.ras.TraceComponent@334f380e
    webModuleHandler = class com.ibm.ws.app.manager.web.internal.WebModuleHandlerImpl@44619cf3
      serialVersionUID = 4795602325763828210
      $$$tc$$$ = class com.ibm.websphere.ras.TraceComponent@62b85cda
      futureMonitor = class com.ibm.ws.threading.internal.FutureMonitorImpl@4726e470
      metaDataService = class com.ibm.ws.container.service.metadata.internal.MetaDataServiceImpl@4a93aa26
      stateChangeService = class com.ibm.ws.container.service.state.internal.StateChangeServiceImpl@2f0e292d
      moduleRuntimeContainer = class com.ibm.ws.webcontainer.osgi.WebContainer@765ac460
      firstFailure = null
      serialVersionUID = -4563697739413190872
      $$$tc$$$ = class com.ibm.websphere.ras.TraceComponent@743d032f
    applicationManager = class com.ibm.ws.app.manager.ApplicationManager@3494f56b
      expandApps = true
      useJandex = false
      startTimeout = 30
      stopTimeout = 30
      expandLocation = "/usr/local/proyectos/PupaSv/target/liberty/wlp/usr/servers/defaultServer/apps/expanded/"
      extractedLog = class java.io.File@5781dbd5
      extractsDataLog = class java.util.concurrent.ConcurrentHashMap@bbca46d
      APPNAME_KEY = "appName"
      APPNAME_CALLBACK = class com.ibm.ws.app.manager.ApplicationManager$1@f2c5ab2
      serialVersionUID = -4857646304502982718
      $$$tc$$$ = class com.ibm.websphere.ras.TraceComponent@742ce221
    serialVersionUID = 209138972697730943
    serialVersionUID = 6498862425241821545
    $$$tc$$$ = class com.ibm.websphere.ras.TraceComponent@27ab288
      strings[0] = "TraceComponent[com.ibm.ws.app.manager.module.AbstractDeployedAppInfoFactory,class com.ibm.ws.app.manager.module.AbstractDeployedAppInfoFactory,[applications, app.manager],null,null]"
  serialVersionUID = 4622845147410944782
  $$$tc$$$ = class com.ibm.websphere.ras.TraceComponent@1d86be1c
    strings[0] = "TraceComponent[com.ibm.ws.app.manager.war.internal.WARApplicationHandlerImpl,class com.ibm.ws.app.manager.war.internal.WARApplicationHandlerImpl,[webcontainer, applications, app.manager],com.ibm.ws.app.manager.war.internal.resources.Messages,null]"

Dump of objectArray[0]
Object type = com.ibm.ws.app.manager.internal.ApplicationInstallInfo
  _config = class com.ibm.ws.app.manager.internal.ApplicationConfig@5fdf4221
    tc = class com.ibm.websphere.ras.TraceComponent@4f2bd269
      strings[0] = "TraceComponent[com.ibm.ws.app.manager.internal.ApplicationConfig,class com.ibm.ws.app.manager.internal.ApplicationConfig,[applications, app.manager],com.ibm.ws.app.manager.internal.resources.AppManagerMessages,null]"
    _configPid = "com.ibm.ws.app.manager_0"
    _config = class com.ibm.ws.config.admin.ConfigurationDictionary@11a89b7d
      serialVersionUID = 7966152868712543805
      simpleTypes = class java.util.Arrays$ArrayList@1a1d2071
      primitiveArrayTypes = class java.util.Arrays$ArrayList@5c23ea2b
      simpleArrayTypes = class java.util.Arrays$ArrayList@17c2fdf1
      extendedTypes = class java.util.Arrays$ArrayList@39c41da6
      CASE_INSENSITIVE = class com.ibm.ws.config.admin.ConfigurationDictionary$CaseInsensitive@4aa9ac47
      properties = class java.util.Collections$SynchronizedMap@998658b
    _applicationManager = class com.ibm.ws.app.manager.ApplicationManager@3494f56b
      expandApps = true
      useJandex = false
      startTimeout = 30
      stopTimeout = 30
      expandLocation = "/usr/local/proyectos/PupaSv/target/liberty/wlp/usr/servers/defaultServer/apps/expanded/"
      extractedLog = class java.io.File@5781dbd5
      extractsDataLog = class java.util.concurrent.ConcurrentHashMap@bbca46d
      APPNAME_KEY = "appName"
      APPNAME_CALLBACK = class com.ibm.ws.app.manager.ApplicationManager$1@f2c5ab2
      serialVersionUID = -4857646304502982718
      $$$tc$$$ = class com.ibm.websphere.ras.TraceComponent@742ce221
    _location = "/usr/local/proyectos/PupaSv/target/liberty/wlp/usr/servers/defaultServer/dropins/PupaSv-1.0-SNAPSHOT.war"
    _type = "war"
    _name = "PupaSv-1.0-SNAPSHOT"
    _notificationBroadcasterSupport = class javax.management.NotificationBroadcasterSupport@6f4081a2
      listenerList = "/* Could not access listenerList */"
      executor = "/* Could not access executor */"
      notifInfo = "/* Could not access notifInfo */"
      defaultExecutor = "/* Could not access defaultExecutor */"
      NO_NOTIFICATION_INFO = "/* Could not access NO_NOTIFICATION_INFO */"
      logger = "/* Could not access logger */"
    ONE_TIME_JANDEX_MSGS_DISPLAYED = true
    serialVersionUID = -2151423388299667431
  _handlerInfo = class java.util.concurrent.atomic.AtomicReference@13ff2d51
    serialVersionUID = "/* Could not access serialVersionUID */"
    VALUE = "/* Could not access VALUE */"
    value = "/* Could not access value */"
  _container = class java.util.concurrent.atomic.AtomicReference@527c3186
    serialVersionUID = "/* Could not access serialVersionUID */"
    VALUE = "/* Could not access VALUE */"
    value = "/* Could not access value */"
  _resolvedLocation = class java.util.concurrent.atomic.AtomicReference@6bc06452
    serialVersionUID = "/* Could not access serialVersionUID */"
    VALUE = "/* Could not access VALUE */"
    value = "/* Could not access value */"
  _handler = class com.ibm.ws.app.manager.war.internal.WARApplicationHandlerImpl@60f49079
    futureMonitor = class com.ibm.ws.threading.internal.FutureMonitorImpl@4726e470
    deployedAppFactory = class com.ibm.ws.app.manager.war.internal.WARDeployedAppInfoFactoryImpl@56eb704f
      tc = class com.ibm.websphere.ras.TraceComponent@1a442575
      DEFAULT_APP_LOCATION = "${server.config.dir}/apps/expanded/"
      deployedAppServices = class com.ibm.ws.app.manager.module.internal.DeployedAppServicesImpl@52b3d8
      webModuleHandler = class com.ibm.ws.app.manager.web.internal.WebModuleHandlerImpl@44619cf3
      applicationManager = class com.ibm.ws.app.manager.ApplicationManager@3494f56b
      serialVersionUID = 209138972697730943
      serialVersionUID = 6498862425241821545
      $$$tc$$$ = class com.ibm.websphere.ras.TraceComponent@27ab288
    serialVersionUID = 4622845147410944782
    $$$tc$$$ = class com.ibm.websphere.ras.TraceComponent@1d86be1c
      strings[0] = "TraceComponent[com.ibm.ws.app.manager.war.internal.WARApplicationHandlerImpl,class com.ibm.ws.app.manager.war.internal.WARApplicationHandlerImpl,[webcontainer, applications, app.manager],com.ibm.ws.app.manager.war.internal.resources.Messages,null]"
  _ami = class java.util.concurrent.atomic.AtomicReference@4e2bfd41
    serialVersionUID = "/* Could not access serialVersionUID */"
    VALUE = "/* Could not access VALUE */"
    value = "/* Could not access value */"
  _updateHandler = class com.ibm.ws.app.manager.internal.statemachine.ApplicationStateMachineImpl@2454d470
    _tc = class com.ibm.websphere.ras.TraceComponent@48c4dd22
      strings[0] = "TraceComponent[com.ibm.ws.app.manager.internal.statemachine.ApplicationStateMachineImpl,class com.ibm.ws.app.manager.internal.statemachine.ApplicationStateMachineImpl,[applications, app.manager],com.ibm.ws.app.manager.internal.resources.AppManagerMessages,null]"
    EMPTY_FUTURE_ARRAY = interface java.util.concurrent.Future[0]
    asmSequenceNumber = class java.util.concurrent.atomic.AtomicLong@7f9d3529
      serialVersionUID = "/* Could not access serialVersionUID */"
      VM_SUPPORTS_LONG_CAS = "/* Could not access VM_SUPPORTS_LONG_CAS */"
      U = "/* Could not access U */"
      VALUE = "/* Could not access VALUE */"
      value = "/* Could not access value */"
      serialVersionUID = "/* Could not access serialVersionUID */"
    _qscaCounter = class java.util.concurrent.atomic.AtomicInteger@6ecd1e6e
      serialVersionUID = "/* Could not access serialVersionUID */"
      U = "/* Could not access U */"
      VALUE = "/* Could not access VALUE */"
      value = "/* Could not access value */"
      serialVersionUID = "/* Could not access serialVersionUID */"
    _failedThrowable = null
    _interruptibleLock = class com.ibm.ws.app.manager.internal.statemachine.ApplicationStateMachineImpl$2@6cb8b093
      this$0 = class com.ibm.ws.app.manager.internal.statemachine.ApplicationStateMachineImpl@2454d470
      serialVersionUID = 1428897424970146289
      $$$tc$$$ = class com.ibm.websphere.ras.TraceComponent@3855cddf
    _interruptible = false
    _performingQueuedActions = true
    _queuedActions = class java.util.concurrent.ConcurrentLinkedQueue@428af8b0
      serialVersionUID = "/* Could not access serialVersionUID */"
      head = "/* Could not access head */"
      tail = "/* Could not access tail */"
      MAX_HOPS = "/* Could not access MAX_HOPS */"
      HEAD = "/* Could not access HEAD */"
      TAIL = "/* Could not access TAIL */"
      ITEM = "/* Could not access ITEM */"
      NEXT = "/* Could not access NEXT */"
    _callbackState = class java.util.concurrent.atomic.AtomicReference@54a8b9b5
      serialVersionUID = "/* Could not access serialVersionUID */"
      VALUE = "/* Could not access VALUE */"
      value = "/* Could not access value */"
    blockAppStartingFutures = class java.util.Collections$SetFromMap@5290e320
      m = "/* Could not access m */"
      s = "/* Could not access s */"
      serialVersionUID = "/* Could not access serialVersionUID */"
    waitingForAppHandlerFuture = class java.util.concurrent.atomic.AtomicReference@7b85fdc9
      serialVersionUID = "/* Could not access serialVersionUID */"
      VALUE = "/* Could not access VALUE */"
      value = "/* Could not access value */"
    waitingForExplicitStartFuture = class java.util.concurrent.atomic.AtomicReference@6edfc571
      serialVersionUID = "/* Could not access serialVersionUID */"
      VALUE = "/* Could not access VALUE */"
      value = "/* Could not access value */"
    startAfterFutures = class java.util.Collections$SetFromMap@7fabbc0e
      m = "/* Could not access m */"
      s = "/* Could not access s */"
      serialVersionUID = "/* Could not access serialVersionUID */"
    completionListener = class java.util.concurrent.atomic.AtomicReference@2af7d938
      serialVersionUID = "/* Could not access serialVersionUID */"
      VALUE = "/* Could not access VALUE */"
      value = "/* Could not access value */"
    _notifyAppStopped = class java.util.concurrent.ConcurrentLinkedQueue@7ec8121a
      serialVersionUID = "/* Could not access serialVersionUID */"
      head = "/* Could not access head */"
      tail = "/* Could not access tail */"
      MAX_HOPS = "/* Could not access MAX_HOPS */"
      HEAD = "/* Could not access HEAD */"
      TAIL = "/* Could not access TAIL */"
      ITEM = "/* Could not access ITEM */"
      NEXT = "/* Could not access NEXT */"
    _notifyAppStarting = class java.util.concurrent.ConcurrentLinkedQueue@6eacb4ff
      serialVersionUID = "/* Could not access serialVersionUID */"
      head = "/* Could not access head */"
      tail = "/* Could not access tail */"
      MAX_HOPS = "/* Could not access MAX_HOPS */"
      HEAD = "/* Could not access HEAD */"
      TAIL = "/* Could not access TAIL */"
      ITEM = "/* Could not access ITEM */"
      NEXT = "/* Could not access NEXT */"
    _notifyAppInstallCalled = class java.util.concurrent.ConcurrentLinkedQueue@4cc53ee8
      serialVersionUID = "/* Could not access serialVersionUID */"
      head = "/* Could not access head */"
      tail = "/* Could not access tail */"
      MAX_HOPS = "/* Could not access MAX_HOPS */"
      HEAD = "/* Could not access HEAD */"
      TAIL = "/* Could not access TAIL */"
      ITEM = "/* Could not access ITEM */"
      NEXT = "/* Could not access NEXT */"
    _notifyAppStarted = class java.util.concurrent.ConcurrentLinkedQueue@58ef1051
      serialVersionUID = "/* Could not access serialVersionUID */"
      head = "/* Could not access head */"
      tail = "/* Could not access tail */"
      MAX_HOPS = "/* Could not access MAX_HOPS */"
      HEAD = "/* Could not access HEAD */"
      TAIL = "/* Could not access TAIL */"
      ITEM = "/* Could not access ITEM */"
      NEXT = "/* Could not access NEXT */"
    _notifyAppRemoved = class java.util.concurrent.ConcurrentLinkedQueue@66098194
      serialVersionUID = "/* Could not access serialVersionUID */"
      head = "/* Could not access head */"
      tail = "/* Could not access tail */"
      MAX_HOPS = "/* Could not access MAX_HOPS */"
      HEAD = "/* Could not access HEAD */"
      TAIL = "/* Could not access TAIL */"
      ITEM = "/* Could not access ITEM */"
      NEXT = "/* Could not access NEXT */"
    _stateLock = class com.ibm.ws.app.manager.internal.statemachine.ApplicationStateMachineImpl$3@6d09dae6
      this$0 = class com.ibm.ws.app.manager.internal.statemachine.ApplicationStateMachineImpl@2454d470
      serialVersionUID = -2844785999478513305
      $$$tc$$$ = class com.ibm.websphere.ras.TraceComponent@426281ac
    _internalState = class java.util.concurrent.atomic.AtomicReference@85e8bd1
      serialVersionUID = "/* Could not access serialVersionUID */"
      VALUE = "/* Could not access VALUE */"
      value = "/* Could not access value */"
    _currentAction = class java.util.concurrent.atomic.AtomicReference@28136f13
      serialVersionUID = "/* Could not access serialVersionUID */"
      VALUE = "/* Could not access VALUE */"
      value = "/* Could not access value */"
    _rfa = class java.util.concurrent.atomic.AtomicReference@2bc5ea4
      serialVersionUID = "/* Could not access serialVersionUID */"
      VALUE = "/* Could not access VALUE */"
      value = "/* Could not access value */"
    _appInstallInfo = class java.util.concurrent.atomic.AtomicReference@21c16aff
      serialVersionUID = "/* Could not access serialVersionUID */"
      VALUE = "/* Could not access VALUE */"
      value = "/* Could not access value */"
    _update = class java.util.concurrent.atomic.AtomicBoolean@5dbd7d15
      serialVersionUID = "/* Could not access serialVersionUID */"
      VALUE = "/* Could not access VALUE */"
      value = "/* Could not access value */"
    _appConfig = class java.util.concurrent.atomic.AtomicReference@6ee5fa46
      serialVersionUID = "/* Could not access serialVersionUID */"
      VALUE = "/* Could not access VALUE */"
      value = "/* Could not access value */"
    _nextAppConfig = class java.util.concurrent.atomic.AtomicReference@e4cd040
      serialVersionUID = "/* Could not access serialVersionUID */"
      VALUE = "/* Could not access VALUE */"
      value = "/* Could not access value */"
    _appContainer = class java.util.concurrent.atomic.AtomicReference@2470d5e4
      serialVersionUID = "/* Could not access serialVersionUID */"
      VALUE = "/* Could not access VALUE */"
      value = "/* Could not access value */"
    _resolvedLocation = class java.util.concurrent.atomic.AtomicReference@121341aa
      serialVersionUID = "/* Could not access serialVersionUID */"
      VALUE = "/* Could not access VALUE */"
      value = "/* Could not access value */"
    _handler = class java.util.concurrent.atomic.AtomicReference@53e5ae64
      serialVersionUID = "/* Could not access serialVersionUID */"
      VALUE = "/* Could not access VALUE */"
      value = "/* Could not access value */"
    _asmSeqNo = 0
    _ctx = class org.eclipse.osgi.internal.framework.BundleContextImpl@6a590e43
      valid = true
      bundle = class org.eclipse.osgi.internal.framework.EquinoxBundle@7badd33d
      container = class org.eclipse.osgi.internal.framework.EquinoxContainer@5cc24933
      debug = class org.eclipse.osgi.internal.debug.Debug@51993a1c
      servicesInUse = class java.util.HashMap@7dc37c5b
      activator = null
      contextLock = class java.lang.Object@44b30b53
    _locAdmin = class com.ibm.ws.kernel.service.location.internal.WsLocationAdminImpl@2015699b
      tc = class com.ibm.websphere.ras.TraceComponent@39aa6428
      LOC_INTERNAL_LIB_DIR = "wlp.lib.dir"
      LOC_INTERNAL_WORKAREA_DIR = "wlp.workarea.dir"
      LOC_AREA_NAME_APPS = "shared/apps/"
      LOC_AREA_NAME_CONFIG = "shared/config/"
      LOC_AREA_NAME_RESC = "shared/resources/"
      LOC_AREA_NAME_STATE = "logs/state/"
      LOC_AREA_NAME_SERVERS = "servers/"
      LOC_AREA_NAME_CLIENTS = "clients/"
      LOC_AREA_NAME_WORKING = "workarea/"
      LOC_AREA_NAME_LOGS = "logs/"
      LOC_AREA_NAME_EXTENSION = "extension/"
      instance = class com.ibm.ws.kernel.service.location.internal.WsLocationAdminImpl@2015699b
      installRoot = class com.ibm.ws.kernel.service.location.internal.SymbolicRootResource@5dde7315
      installParentRoot = class com.ibm.ws.kernel.service.location.internal.SymbolicRootResource@30ca4bd6
      userRoot = class com.ibm.ws.kernel.service.location.internal.SymbolicRootResource@12784aea
      usrExtensionRoot = class com.ibm.ws.kernel.service.location.internal.SymbolicRootResource@582bffda
      serverConfigDir = class com.ibm.ws.kernel.service.location.internal.SymbolicRootResource@76c36911
      serverOutputDir = class com.ibm.ws.kernel.service.location.internal.SymbolicRootResource@76c36911
      bootstrapLib = class com.ibm.ws.kernel.service.location.internal.LocalFileResource@14b518e4
      serverWorkarea = class com.ibm.ws.kernel.service.location.internal.LocalFileResource@444a2f82
      serverState = class com.ibm.ws.kernel.service.location.internal.LocalFileResource@4398cdfe
      sharedAppsRoot = class com.ibm.ws.kernel.service.location.internal.SymbolicRootResource@2efebf7d
      sharedConfigRoot = class com.ibm.ws.kernel.service.location.internal.SymbolicRootResource@1230f07e
      sharedResourceRoot = class com.ibm.ws.kernel.service.location.internal.SymbolicRootResource@793eb85
      tmpRoot = class com.ibm.ws.kernel.service.location.internal.SymbolicRootResource@26121b4
      serverName = "defaultServer"
      resourcePaths = class java.util.ArrayList@59bf73d2
      resourceGroups = class java.util.HashMap@4c19db9b
      commonRoot = class com.ibm.ws.kernel.service.location.internal.VirtualRootResource@544ece5e
      serverCfgDirStr = "/usr/local/proyectos/PupaSv/target/liberty/wlp/usr/servers/defaultServer/"
      variableSourceDirs = "/usr/local/proyectos/PupaSv/target/liberty/wlp/usr/servers/defaultServer/variables/"
      serialVersionUID = 7963438175177362522
    _futureMonitor = class com.ibm.ws.threading.internal.FutureMonitorImpl@4726e470
      _monitor = class java.util.concurrent.ConcurrentLinkedQueue@39f082be
      _executor = class com.ibm.ws.threading.internal.DeferrableScheduledExecutorImpl@2ca92a2b
      _threadRunning = class java.util.concurrent.atomic.AtomicBoolean@6467ad49
      _thread = class com.ibm.ws.threading.internal.FutureMonitorImpl$1@774b3303
      serialVersionUID = 2765238413969174390
      $$$tc$$$ = class com.ibm.websphere.ras.TraceComponent@579f2a94
    _artifactFactory = class com.ibm.ws.artifact.internal.ArtifactContainerFactoryService@5dd3b76e
      CATEGORY_PROP_NAME = "category"
      ENTRY_KEY = "com.ibm.wsspi.artifact.ArtifactEntry"
      helperMap = class com.ibm.wsspi.kernel.service.utils.ConcurrentServiceReferenceSetMap@2824e506
      contributorMap = class com.ibm.wsspi.kernel.service.utils.ConcurrentServiceReferenceSetMap@5fde5140
      helperCategoryMap = class com.ibm.wsspi.kernel.service.utils.ConcurrentServiceReferenceSetMap@2701b43e
      contributorCategoryMap = class com.ibm.wsspi.kernel.service.utils.ConcurrentServiceReferenceSetMap@1abcaf30
      categories = class java.util.Collections$SynchronizedSet@15bf65b4
      baseProperties = class org.apache.felix.scr.impl.helper.ReadOnlyDictionary@38467212
      registration = class com.ibm.ws.kernel.service.util.ServiceRegistrationModifier@124c9160
      serialVersionUID = 6566424214406946230
      $$$tc$$$ = class com.ibm.websphere.ras.TraceComponent@2a3619c6
    _moduleFactory = class com.ibm.ws.adaptable.module.internal.AdaptableModuleFactoryImpl@46931296
      adapterFactoryService = class com.ibm.ws.adaptable.module.internal.AdapterFactoryServiceImpl@60261313
      containerFactory = class com.ibm.ws.artifact.internal.ArtifactContainerFactoryService@5dd3b76e
      overlayContainerFactory = class com.ibm.ws.artifact.overlay.internal.OverlayContainerFactoryImpl@6b34908c
      serialVersionUID = 4200251809856292987
      $$$tc$$$ = class com.ibm.websphere.ras.TraceComponent@462d111d
    _executorService = class com.ibm.ws.threading.internal.ExecutorServiceImpl@7f2e3c36
      tc = class com.ibm.websphere.ras.TraceComponent@5c6ac66
      threadPool = class java.util.concurrent.ThreadPoolExecutor@56f81341
      threadPoolController = class com.ibm.ws.threading.internal.ThreadPoolController@9b53c3c
      poolName = "Default Executor"
      MINIMUM_POOL_SIZE = 4
      MINIMUM_QUIESCE_TIMEOUT = 30
      quiesceTimeout = 30
      componentConfig = class org.apache.felix.scr.impl.helper.ReadOnlyDictionary@10853981
      interceptorsActive = false
      interceptors = class java.util.concurrent.CopyOnWriteArraySet@17496442
      threadFactory = null
      serverStopping = false
      isBeta = false
      phaser = class java.util.concurrent.Phaser@5d37ef1d
      serialVersionUID = 4909002417577978905
    _scheduledExecutorService = class com.ibm.ws.threading.internal.ScheduledExecutorImpl@2f9e5a4b
      threadGroupName = "Scheduled Executor Thread Group"
      executor = class com.ibm.ws.threading.internal.ExecutorServiceImpl@7f2e3c36
      serialVersionUID = -9110693807503469597
      $$$tc$$$ = class com.ibm.websphere.ras.TraceComponent@2e50780
      continueExistingPeriodicTasksAfterShutdown = "/* Could not access continueExistingPeriodicTasksAfterShutdown */"
      executeExistingDelayedTasksAfterShutdown = "/* Could not access executeExistingDelayedTasksAfterShutdown */"
      removeOnCancel = "/* Could not access removeOnCancel */"
      sequencer = "/* Could not access sequencer */"
      DEFAULT_KEEPALIVE_MILLIS = "/* Could not access DEFAULT_KEEPALIVE_MILLIS */"
      ctl = "/* Could not access ctl */"
      COUNT_BITS = "/* Could not access COUNT_BITS */"
      COUNT_MASK = "/* Could not access COUNT_MASK */"
      RUNNING = "/* Could not access RUNNING */"
      SHUTDOWN = "/* Could not access SHUTDOWN */"
      STOP = "/* Could not access STOP */"
      TIDYING = "/* Could not access TIDYING */"
      TERMINATED = "/* Could not access TERMINATED */"
      workQueue = "/* Could not access workQueue */"
      mainLock = "/* Could not access mainLock */"
      workers = "/* Could not access workers */"
      termination = "/* Could not access termination */"
      container = "/* Could not access container */"
      largestPoolSize = "/* Could not access largestPoolSize */"
      completedTaskCount = "/* Could not access completedTaskCount */"
      threadFactory = "/* Could not access threadFactory */"
      handler = "/* Could not access handler */"
      keepAliveTime = "/* Could not access keepAliveTime */"
      allowCoreThreadTimeOut = "/* Could not access allowCoreThreadTimeOut */"
      corePoolSize = "/* Could not access corePoolSize */"
      maximumPoolSize = "/* Could not access maximumPoolSize */"
      defaultHandler = "/* Could not access defaultHandler */"
      shutdownPerm = "/* Could not access shutdownPerm */"
      ONLY_ONE = "/* Could not access ONLY_ONE */"
      $assertionsDisabled = "/* Could not access $assertionsDisabled */"
    _asmHelper = class com.ibm.ws.app.manager.internal.ApplicationConfigurator$NamedApplication@2085caeb
      appName = "PupaSv-1.0-SNAPSHOT"
      configPid = "com.ibm.ws.app.manager_0"
      bundleContext = class org.eclipse.osgi.internal.framework.BundleContextImpl@6a590e43
      mbeanNotifier = class javax.management.NotificationBroadcasterSupport@6f4081a2
      sequence = class java.util.concurrent.atomic.AtomicLong@1ceedd53
      appConfig = class com.ibm.ws.app.manager.internal.ApplicationConfig@5fdf4221
      asm = class com.ibm.ws.app.manager.internal.statemachine.ApplicationStateMachineImpl@2454d470
      appTypeSupport = class com.ibm.ws.app.manager.internal.ApplicationConfigurator$ApplicationTypeSupport@40dba40e
      appRecycleContext = null
      appStateRef = class java.util.concurrent.atomic.AtomicReference@48a6cd14
      appReg = class com.ibm.ws.app.manager.internal.lifecycle.ServiceReg@22c89516
      mbeanReg = class com.ibm.ws.app.manager.internal.lifecycle.ServiceReg@3f2eae95
      dynamicMBean = class java.util.concurrent.atomic.AtomicReference@458fa959
      serialVersionUID = -2429219244222002679
      $$$tc$$$ = class com.ibm.websphere.ras.TraceComponent@5a3f3329
    _appMonitor = class com.ibm.ws.app.manager.internal.monitor.ApplicationMonitor@3b43ba88
      tc = class com.ibm.websphere.ras.TraceComponent@6fa3c843
      _config = class java.util.concurrent.atomic.AtomicReference@49f1e138
      _executorService = class java.util.concurrent.atomic.AtomicReference@241df6e8
      _appListeners = class java.util.concurrent.ConcurrentHashMap@713be265
      serialVersionUID = -6677716415972806660
    _configurator = class com.ibm.ws.app.manager.internal.ApplicationConfigurator@5bcb8cf7
      _tc = class com.ibm.websphere.ras.TraceComponent@30ce14ff
      _appFromName = class java.util.HashMap@3bbf0291
      _appFromPid = class java.util.HashMap@5d3950d5
      _appsToShutdown = null
      _blockedConfigFromPid = class java.util.HashMap@17a907e1
      _blockedPidsFromName = class java.util.HashMap@2f54b12c
      _startAfterDependencies = class java.util.HashMap@6cbc85dd
      reportedCycles = class java.util.HashSet@7b94df67
      _appTypeSupport = class java.util.HashMap@24dd49fb
      _ctx = class org.eclipse.osgi.internal.framework.BundleContextImpl@6a590e43
      _appManagerRARSupportDependency = class com.ibm.ws.app.manager.internal.ApplicationDependency@2e0a519d
      _appManagerReadyDependency = class com.ibm.ws.app.manager.internal.ApplicationDependency@2690bbec
      _currentEpisode = null
      _appRecycleMap = class java.util.HashMap@7b2227be
      _configAdmin = class com.ibm.ws.config.admin.internal.ConfigurationAdminImpl@35fe2bb0
      _locAdmin = class com.ibm.ws.kernel.service.location.internal.WsLocationAdminImpl@2015699b
      _futureMonitor = class com.ibm.ws.threading.internal.FutureMonitorImpl@4726e470
      _runtimeUpdateManager = class com.ibm.ws.runtime.update.internal.RuntimeUpdateManagerImpl@4984122b
      _artifactFactory = class com.ibm.ws.artifact.internal.ArtifactContainerFactoryService@5dd3b76e
      _moduleFactory = class com.ibm.ws.adaptable.module.internal.AdaptableModuleFactoryImpl@46931296
      _executor = class com.ibm.ws.threading.internal.ExecutorServiceImpl@7f2e3c36
      _scheduledExecutor = class com.ibm.ws.threading.internal.ScheduledExecutorImpl@2f9e5a4b
      _appMonitorConfigurator = class com.ibm.ws.app.manager.internal.monitor.AppMonitorConfigurator@6ae89f2c
      _applicationManager = class com.ibm.ws.app.manager.ApplicationManager@3494f56b
      _checkpointPhase = class io.openliberty.checkpoint.spi.CheckpointPhase@9d4a18
      _restoreMessages = class java.util.concurrent.CopyOnWriteArrayList@44fa5210
      SIMPLE_INITIAL_UPDATE_NOTIFICATIONS = class java.util.Arrays$ArrayList@2d0605ee
      serialVersionUID = -7226738620475991472
    enterStateCalled = class java.util.concurrent.atomic.AtomicBoolean@19be97f1
      serialVersionUID = "/* Could not access serialVersionUID */"
      VALUE = "/* Could not access VALUE */"
      value = "/* Could not access value */"
    serialVersionUID = -6475068840410943645
    serialVersionUID = 612087896849635075
    $$$tc$$$ = class com.ibm.websphere.ras.TraceComponent@5c0345de
      strings[0] = "TraceComponent[com.ibm.ws.app.manager.internal.statemachine.ApplicationStateMachine,class com.ibm.ws.app.manager.internal.statemachine.ApplicationStateMachine,[applications, app.manager],com.ibm.ws.app.manager.internal.resources.AppManagerMessages,null]"
  serialVersionUID = 2630639237123415755
  $$$tc$$$ = class com.ibm.websphere.ras.TraceComponent@2ace335e
    strings[0] = "TraceComponent[com.ibm.ws.app.manager.internal.ApplicationInstallInfo,class com.ibm.ws.app.manager.internal.ApplicationInstallInfo,[applications, app.manager],com.ibm.ws.app.manager.internal.resources.AppManagerMessages,null]"

