------Start of DE processing------ = [8/4/25, 18:19:11:433 CST]
Exception = java.lang.IllegalStateException
Source = com.ibm.ws.app.manager.internal.statemachine.StartAction
probeid = 205
Stack Dump = java.lang.IllegalStateException: com.ibm.wsspi.adaptable.module.UnableToAdaptException: com.ibm.ws.javaee.ddmodel.DDParser$ParseException: CWWKC2263E: El descriptor de despliegue webapp : WEB-INF/web.xml de la línea 5 especifica la versión 60, que es superior a la versión 31 suministrada actualmente.
	at com.ibm.ws.app.manager.war.internal.WARApplicationHandlerImpl.setUpApplicationMonitoring(WARApplicationHandlerImpl.java:54)
	at com.ibm.ws.app.manager.internal.statemachine.StartAction.execute(StartAction.java:194)
	at com.ibm.ws.app.manager.internal.statemachine.ApplicationStateMachineImpl.enterState(ApplicationStateMachineImpl.java:1369)
	at com.ibm.ws.app.manager.internal.statemachine.ApplicationStateMachineImpl.run(ApplicationStateMachineImpl.java:912)
	at com.ibm.ws.threading.internal.ExecutorServiceImpl$RunnableWrapper.run(ExecutorServiceImpl.java:298)
	at java.base/java.util.concurrent.ThreadPoolExecutor.runWorker(ThreadPoolExecutor.java:1144)
	at java.base/java.util.concurrent.ThreadPoolExecutor$Worker.run(ThreadPoolExecutor.java:642)
	at java.base/java.lang.Thread.run(Thread.java:1583)
Caused by: com.ibm.wsspi.adaptable.module.UnableToAdaptException: com.ibm.ws.javaee.ddmodel.DDParser$ParseException: CWWKC2263E: El descriptor de despliegue webapp : WEB-INF/web.xml de la línea 5 especifica la versión 60, que es superior a la versión 31 suministrada actualmente.
	at com.ibm.ws.javaee.ddmodel.web.WebAppEntryAdapter.adapt(WebAppEntryAdapter.java:63)
	at com.ibm.ws.javaee.ddmodel.web.WebAppEntryAdapter.adapt(WebAppEntryAdapter.java:28)
	at com.ibm.ws.adaptable.module.internal.AdapterFactoryServiceImpl.adapt(AdapterFactoryServiceImpl.java:233)
	at com.ibm.ws.adaptable.module.internal.AdaptableEntryImpl.adapt(AdaptableEntryImpl.java:123)
	at com.ibm.ws.javaee.ddmodel.web.WebAppAdapter.adapt(WebAppAdapter.java:40)
	at com.ibm.ws.javaee.ddmodel.web.WebAppAdapter.adapt(WebAppAdapter.java:26)
	at com.ibm.ws.adaptable.module.internal.AdapterFactoryServiceImpl.adapt(AdapterFactoryServiceImpl.java:202)
	at com.ibm.ws.adaptable.module.internal.AdaptableContainerImpl.adapt(AdaptableContainerImpl.java:176)
	at com.ibm.ws.app.manager.module.internal.SimpleDeployedAppInfoBase$ModuleContainerInfoBase.<init>(SimpleDeployedAppInfoBase.java:182)
	at com.ibm.ws.app.manager.module.internal.SimpleDeployedAppInfoBase$WebModuleContainerInfo.<init>(SimpleDeployedAppInfoBase.java:428)
	at com.ibm.ws.app.manager.module.internal.SimpleDeployedAppInfoBase$WebModuleContainerInfo.<init>(SimpleDeployedAppInfoBase.java:418)
	at com.ibm.ws.app.manager.war.internal.WARDeployedAppInfo.<init>(WARDeployedAppInfo.java:67)
	at com.ibm.ws.app.manager.war.internal.WARDeployedAppInfoFactoryImpl.createDeployedAppInfo(WARDeployedAppInfoFactoryImpl.java:170)
	at com.ibm.ws.app.manager.war.internal.WARDeployedAppInfoFactoryImpl.createDeployedAppInfo(WARDeployedAppInfoFactoryImpl.java:37)
	at com.ibm.ws.app.manager.war.internal.WARApplicationHandlerImpl.setUpApplicationMonitoring(WARApplicationHandlerImpl.java:52)
	... 7 more
Caused by: com.ibm.ws.javaee.ddmodel.DDParser$ParseException: CWWKC2263E: El descriptor de despliegue webapp : WEB-INF/web.xml de la línea 5 especifica la versión 60, que es superior a la versión 31 suministrada actualmente.
	at com.ibm.ws.javaee.ddmodel.DDParserSpec.createRootParsable(DDParserSpec.java:122)
	at com.ibm.ws.javaee.ddmodel.DDParser.parseRootElement(DDParser.java:932)
	at com.ibm.ws.javaee.ddmodel.DDParser.parse(DDParser.java:911)
	at com.ibm.ws.javaee.ddmodel.web.WebAppDDParser.parse(WebAppDDParser.java:68)
	at com.ibm.ws.javaee.ddmodel.web.WebAppEntryAdapter.adapt(WebAppEntryAdapter.java:61)
	... 21 more

Dump of callerThis
Object type = com.ibm.ws.app.manager.internal.statemachine.StartAction
  _tc = class com.ibm.websphere.ras.TraceComponent@4fe10741
    strings[0] = "TraceComponent[com.ibm.ws.app.manager.internal.statemachine.StartAction,class com.ibm.ws.app.manager.internal.statemachine.StartAction,[applications, app.manager],com.ibm.ws.app.manager.internal.resources.AppManagerMessages,null]"
  _config = class com.ibm.ws.app.manager.internal.ApplicationConfig@1951fa41
    tc = class com.ibm.websphere.ras.TraceComponent@1bab1e57
      strings[0] = "TraceComponent[com.ibm.ws.app.manager.internal.ApplicationConfig,class com.ibm.ws.app.manager.internal.ApplicationConfig,[applications, app.manager],com.ibm.ws.app.manager.internal.resources.AppManagerMessages,null]"
    _configPid = "com.ibm.ws.app.manager_0"
    _config = class com.ibm.ws.config.admin.ConfigurationDictionary@3562ec42
      serialVersionUID = 7966152868712543805
      simpleTypes = class java.util.Arrays$ArrayList@7c44cb20
      primitiveArrayTypes = class java.util.Arrays$ArrayList@4d63cf2a
      simpleArrayTypes = class java.util.Arrays$ArrayList@719050d0
      extendedTypes = class java.util.Arrays$ArrayList@78b4fe4a
      CASE_INSENSITIVE = class com.ibm.ws.config.admin.ConfigurationDictionary$CaseInsensitive@22f327b7
      properties = class java.util.Collections$SynchronizedMap@71baa65c
    _applicationManager = class com.ibm.ws.app.manager.ApplicationManager@2cef8b31
      expandApps = true
      useJandex = false
      startTimeout = 30
      stopTimeout = 30
      expandLocation = "/usr/local/proyectos/PupaSv/target/liberty/wlp/usr/servers/defaultServer/apps/expanded/"
      extractedLog = class java.io.File@6e04fddc
      extractsDataLog = class java.util.concurrent.ConcurrentHashMap@2aba64ec
      APPNAME_KEY = "appName"
      APPNAME_CALLBACK = class com.ibm.ws.app.manager.ApplicationManager$1@13778c58
      serialVersionUID = -4857646304502982718
      $$$tc$$$ = class com.ibm.websphere.ras.TraceComponent@103e4bbf
    _location = "/usr/local/proyectos/PupaSv/target/liberty/wlp/usr/servers/defaultServer/dropins/PupaSv-1.0-SNAPSHOT.war"
    _type = "war"
    _name = "PupaSv-1.0-SNAPSHOT"
    _notificationBroadcasterSupport = class javax.management.NotificationBroadcasterSupport@364e909
      listenerList = "/* Could not access listenerList */"
      executor = "/* Could not access executor */"
      notifInfo = "/* Could not access notifInfo */"
      defaultExecutor = "/* Could not access defaultExecutor */"
      NO_NOTIFICATION_INFO = "/* Could not access NO_NOTIFICATION_INFO */"
      logger = "/* Could not access logger */"
    ONE_TIME_JANDEX_MSGS_DISPLAYED = true
    serialVersionUID = -2151423388299667431
  _aii = class com.ibm.ws.app.manager.internal.ApplicationInstallInfo@2a71cfcb
    _config = class com.ibm.ws.app.manager.internal.ApplicationConfig@1951fa41
    _handlerInfo = class java.util.concurrent.atomic.AtomicReference@29e0cce6
      serialVersionUID = "/* Could not access serialVersionUID */"
      VALUE = "/* Could not access VALUE */"
      value = "/* Could not access value */"
    _container = class java.util.concurrent.atomic.AtomicReference@66850758
      serialVersionUID = "/* Could not access serialVersionUID */"
      VALUE = "/* Could not access VALUE */"
      value = "/* Could not access value */"
    _resolvedLocation = class java.util.concurrent.atomic.AtomicReference@42ae93d4
      serialVersionUID = "/* Could not access serialVersionUID */"
      VALUE = "/* Could not access VALUE */"
      value = "/* Could not access value */"
    _handler = class com.ibm.ws.app.manager.war.internal.WARApplicationHandlerImpl@a5ff79
      futureMonitor = class com.ibm.ws.threading.internal.FutureMonitorImpl@1a71a5ac
      deployedAppFactory = class com.ibm.ws.app.manager.war.internal.WARDeployedAppInfoFactoryImpl@3761d8c9
      serialVersionUID = 4622845147410944782
      $$$tc$$$ = class com.ibm.websphere.ras.TraceComponent@2b0a380
    _ami = class java.util.concurrent.atomic.AtomicReference@543bea32
      serialVersionUID = "/* Could not access serialVersionUID */"
      VALUE = "/* Could not access VALUE */"
      value = "/* Could not access value */"
    _updateHandler = class com.ibm.ws.app.manager.internal.statemachine.ApplicationStateMachineImpl@7b939baf
      _tc = class com.ibm.websphere.ras.TraceComponent@1c5760d6
      EMPTY_FUTURE_ARRAY = interface java.util.concurrent.Future[0]
      asmSequenceNumber = class java.util.concurrent.atomic.AtomicLong@6f2c4571
      _qscaCounter = class java.util.concurrent.atomic.AtomicInteger@4d0eb42a
      _failedThrowable = null
      _interruptibleLock = class com.ibm.ws.app.manager.internal.statemachine.ApplicationStateMachineImpl$2@69063023
      _interruptible = false
      _performingQueuedActions = true
      _queuedActions = class java.util.concurrent.ConcurrentLinkedQueue@4eede0bf
      _callbackState = class java.util.concurrent.atomic.AtomicReference@43e733de
      blockAppStartingFutures = class java.util.Collections$SetFromMap@7b70606c
      waitingForAppHandlerFuture = class java.util.concurrent.atomic.AtomicReference@23afd009
      waitingForExplicitStartFuture = class java.util.concurrent.atomic.AtomicReference@2e634db
      startAfterFutures = class java.util.Collections$SetFromMap@78658e9a
      completionListener = class java.util.concurrent.atomic.AtomicReference@6ee2fa
      _notifyAppStopped = class java.util.concurrent.ConcurrentLinkedQueue@5d9c4566
      _notifyAppStarting = class java.util.concurrent.ConcurrentLinkedQueue@6eefe2e2
      _notifyAppInstallCalled = class java.util.concurrent.ConcurrentLinkedQueue@3a2aa0fb
      _notifyAppStarted = class java.util.concurrent.ConcurrentLinkedQueue@4da4fc76
      _notifyAppRemoved = class java.util.concurrent.ConcurrentLinkedQueue@72ac37d1
      _stateLock = class com.ibm.ws.app.manager.internal.statemachine.ApplicationStateMachineImpl$3@63452394
      _internalState = class java.util.concurrent.atomic.AtomicReference@c876a7f
      _currentAction = class java.util.concurrent.atomic.AtomicReference@66aa60d5
      _rfa = class java.util.concurrent.atomic.AtomicReference@752bc16e
      _appInstallInfo = class java.util.concurrent.atomic.AtomicReference@3fb805dc
      _update = class java.util.concurrent.atomic.AtomicBoolean@85b44c6
      _appConfig = class java.util.concurrent.atomic.AtomicReference@3dc221d0
      _nextAppConfig = class java.util.concurrent.atomic.AtomicReference@1649b7b7
      _appContainer = class java.util.concurrent.atomic.AtomicReference@6920d647
      _resolvedLocation = class java.util.concurrent.atomic.AtomicReference@3b8fd2d1
      _handler = class java.util.concurrent.atomic.AtomicReference@176fa8d1
      _asmSeqNo = 0
      _ctx = class org.eclipse.osgi.internal.framework.BundleContextImpl@6e7ac87b
      _locAdmin = class com.ibm.ws.kernel.service.location.internal.WsLocationAdminImpl@3b2532dd
      _futureMonitor = class com.ibm.ws.threading.internal.FutureMonitorImpl@1a71a5ac
      _artifactFactory = class com.ibm.ws.artifact.internal.ArtifactContainerFactoryService@6a363ac2
      _moduleFactory = class com.ibm.ws.adaptable.module.internal.AdaptableModuleFactoryImpl@485c611f
      _executorService = class com.ibm.ws.threading.internal.ExecutorServiceImpl@663e27c0
      _scheduledExecutorService = class com.ibm.ws.threading.internal.ScheduledExecutorImpl@27c8a1d
      _asmHelper = class com.ibm.ws.app.manager.internal.ApplicationConfigurator$NamedApplication@49c4acfb
      _appMonitor = class com.ibm.ws.app.manager.internal.monitor.ApplicationMonitor@4c404184
      _configurator = class com.ibm.ws.app.manager.internal.ApplicationConfigurator@681e3e57
      enterStateCalled = class java.util.concurrent.atomic.AtomicBoolean@23bd34a5
      serialVersionUID = -6475068840410943645
      serialVersionUID = 612087896849635075
      $$$tc$$$ = class com.ibm.websphere.ras.TraceComponent@184cb694
    serialVersionUID = 2630639237123415755
    $$$tc$$$ = class com.ibm.websphere.ras.TraceComponent@267a5255
      strings[0] = "TraceComponent[com.ibm.ws.app.manager.internal.ApplicationInstallInfo,class com.ibm.ws.app.manager.internal.ApplicationInstallInfo,[applications, app.manager],com.ibm.ws.app.manager.internal.resources.AppManagerMessages,null]"
  _callback = class java.util.concurrent.atomic.AtomicReference@70c8fae6
    serialVersionUID = "/* Could not access serialVersionUID */"
    VALUE = "/* Could not access VALUE */"
    value = "/* Could not access value */"
  _monitor = class com.ibm.ws.threading.internal.FutureMonitorImpl@1a71a5ac
    _monitor = class java.util.concurrent.ConcurrentLinkedQueue@1571b9f5
      serialVersionUID = "/* Could not access serialVersionUID */"
      head = "/* Could not access head */"
      tail = "/* Could not access tail */"
      MAX_HOPS = "/* Could not access MAX_HOPS */"
      HEAD = "/* Could not access HEAD */"
      TAIL = "/* Could not access TAIL */"
      ITEM = "/* Could not access ITEM */"
      NEXT = "/* Could not access NEXT */"
    _executor = class com.ibm.ws.threading.internal.DeferrableScheduledExecutorImpl@2a6cb79d
      PERIOD_MILLISECONDS = 15000
      executor = class com.ibm.ws.threading.internal.ScheduledExecutorImpl@27c8a1d
      serialVersionUID = 4761900424000004220
      $$$tc$$$ = class com.ibm.websphere.ras.TraceComponent@60d6d53d
    _threadRunning = class java.util.concurrent.atomic.AtomicBoolean@317aca89
      serialVersionUID = "/* Could not access serialVersionUID */"
      VALUE = "/* Could not access VALUE */"
      value = "/* Could not access value */"
    _thread = class com.ibm.ws.threading.internal.FutureMonitorImpl$1@619c7994
      this$0 = class com.ibm.ws.threading.internal.FutureMonitorImpl@1a71a5ac
      serialVersionUID = 2422512430832938099
      $$$tc$$$ = class com.ibm.websphere.ras.TraceComponent@487093c
    serialVersionUID = 2765238413969174390
    $$$tc$$$ = class com.ibm.websphere.ras.TraceComponent@6219eb65
      strings[0] = "TraceComponent[com.ibm.ws.threading.internal.FutureMonitorImpl,class com.ibm.ws.threading.internal.FutureMonitorImpl,[Threading],com.ibm.ws.threading.internal.resources.ThreadingMessages,null]"
  _startTime = class java.util.concurrent.atomic.AtomicLong@4ddf2efc
    serialVersionUID = "/* Could not access serialVersionUID */"
    VM_SUPPORTS_LONG_CAS = "/* Could not access VM_SUPPORTS_LONG_CAS */"
    U = "/* Could not access U */"
    VALUE = "/* Could not access VALUE */"
    value = "/* Could not access value */"
    serialVersionUID = "/* Could not access serialVersionUID */"
  _appMonitor = class com.ibm.ws.app.manager.internal.monitor.ApplicationMonitor@4c404184
    tc = class com.ibm.websphere.ras.TraceComponent@69cf3bb4
      strings[0] = "TraceComponent[com.ibm.ws.app.manager.internal.monitor.ApplicationMonitor,class com.ibm.ws.app.manager.internal.monitor.ApplicationMonitor,[applications, app.manager],com.ibm.ws.app.manager.internal.resources.AppManagerMessages,null]"
    _config = class java.util.concurrent.atomic.AtomicReference@42a04a15
      serialVersionUID = "/* Could not access serialVersionUID */"
      VALUE = "/* Could not access VALUE */"
      value = "/* Could not access value */"
    _executorService = class java.util.concurrent.atomic.AtomicReference@87246f8
      serialVersionUID = "/* Could not access serialVersionUID */"
      VALUE = "/* Could not access VALUE */"
      value = "/* Could not access value */"
    _appListeners = class java.util.concurrent.ConcurrentHashMap@65641714
      serialVersionUID = "/* Could not access serialVersionUID */"
      MAXIMUM_CAPACITY = "/* Could not access MAXIMUM_CAPACITY */"
      DEFAULT_CAPACITY = "/* Could not access DEFAULT_CAPACITY */"
      MAX_ARRAY_SIZE = "/* Could not access MAX_ARRAY_SIZE */"
      DEFAULT_CONCURRENCY_LEVEL = "/* Could not access DEFAULT_CONCURRENCY_LEVEL */"
      LOAD_FACTOR = "/* Could not access LOAD_FACTOR */"
      TREEIFY_THRESHOLD = "/* Could not access TREEIFY_THRESHOLD */"
      UNTREEIFY_THRESHOLD = "/* Could not access UNTREEIFY_THRESHOLD */"
      MIN_TREEIFY_CAPACITY = "/* Could not access MIN_TREEIFY_CAPACITY */"
      MIN_TRANSFER_STRIDE = "/* Could not access MIN_TRANSFER_STRIDE */"
      RESIZE_STAMP_BITS = "/* Could not access RESIZE_STAMP_BITS */"
      MAX_RESIZERS = "/* Could not access MAX_RESIZERS */"
      RESIZE_STAMP_SHIFT = "/* Could not access RESIZE_STAMP_SHIFT */"
      MOVED = "/* Could not access MOVED */"
      TREEBIN = "/* Could not access TREEBIN */"
      RESERVED = "/* Could not access RESERVED */"
      HASH_BITS = "/* Could not access HASH_BITS */"
      NCPU = "/* Could not access NCPU */"
      serialPersistentFields = "/* Could not access serialPersistentFields */"
      table = "/* Could not access table */"
      nextTable = "/* Could not access nextTable */"
      baseCount = "/* Could not access baseCount */"
      sizeCtl = "/* Could not access sizeCtl */"
      transferIndex = "/* Could not access transferIndex */"
      cellsBusy = "/* Could not access cellsBusy */"
      counterCells = "/* Could not access counterCells */"
      keySet = "/* Could not access keySet */"
      values = "/* Could not access values */"
      entrySet = "/* Could not access entrySet */"
      U = "/* Could not access U */"
      SIZECTL = "/* Could not access SIZECTL */"
      TRANSFERINDEX = "/* Could not access TRANSFERINDEX */"
      BASECOUNT = "/* Could not access BASECOUNT */"
      CELLSBUSY = "/* Could not access CELLSBUSY */"
      CELLVALUE = "/* Could not access CELLVALUE */"
      ABASE = "/* Could not access ABASE */"
      ASHIFT = "/* Could not access ASHIFT */"
      keySet = "/* Could not access keySet */"
      values = "/* Could not access values */"
    serialVersionUID = -6677716415972806660
  _update = false
  cancelled = false
  _slowMessageAction = class java.util.concurrent.atomic.AtomicReference@2f1a5808
    serialVersionUID = "/* Could not access serialVersionUID */"
    VALUE = "/* Could not access VALUE */"
    value = "/* Could not access value */"
  _configurator = class com.ibm.ws.app.manager.internal.ApplicationConfigurator@681e3e57
    _tc = class com.ibm.websphere.ras.TraceComponent@7d802c54
      strings[0] = "TraceComponent[com.ibm.ws.app.manager.internal.ApplicationConfigurator,class com.ibm.ws.app.manager.internal.ApplicationConfigurator,[applications, app.manager],com.ibm.ws.app.manager.internal.resources.AppManagerMessages,null]"
    _appFromName = class java.util.HashMap@7aeacc9a
      serialVersionUID = "/* Could not access serialVersionUID */"
      DEFAULT_INITIAL_CAPACITY = "/* Could not access DEFAULT_INITIAL_CAPACITY */"
      MAXIMUM_CAPACITY = "/* Could not access MAXIMUM_CAPACITY */"
      DEFAULT_LOAD_FACTOR = "/* Could not access DEFAULT_LOAD_FACTOR */"
      TREEIFY_THRESHOLD = "/* Could not access TREEIFY_THRESHOLD */"
      UNTREEIFY_THRESHOLD = "/* Could not access UNTREEIFY_THRESHOLD */"
      MIN_TREEIFY_CAPACITY = "/* Could not access MIN_TREEIFY_CAPACITY */"
      table = "/* Could not access table */"
      entrySet = "/* Could not access entrySet */"
      size = "/* Could not access size */"
      modCount = "/* Could not access modCount */"
      threshold = "/* Could not access threshold */"
      loadFactor = "/* Could not access loadFactor */"
      keySet = "/* Could not access keySet */"
      values = "/* Could not access values */"
    _appFromPid = class java.util.HashMap@3a5ad130
      serialVersionUID = "/* Could not access serialVersionUID */"
      DEFAULT_INITIAL_CAPACITY = "/* Could not access DEFAULT_INITIAL_CAPACITY */"
      MAXIMUM_CAPACITY = "/* Could not access MAXIMUM_CAPACITY */"
      DEFAULT_LOAD_FACTOR = "/* Could not access DEFAULT_LOAD_FACTOR */"
      TREEIFY_THRESHOLD = "/* Could not access TREEIFY_THRESHOLD */"
      UNTREEIFY_THRESHOLD = "/* Could not access UNTREEIFY_THRESHOLD */"
      MIN_TREEIFY_CAPACITY = "/* Could not access MIN_TREEIFY_CAPACITY */"
      table = "/* Could not access table */"
      entrySet = "/* Could not access entrySet */"
      size = "/* Could not access size */"
      modCount = "/* Could not access modCount */"
      threshold = "/* Could not access threshold */"
      loadFactor = "/* Could not access loadFactor */"
      keySet = "/* Could not access keySet */"
      values = "/* Could not access values */"
    _appsToShutdown = null
    _blockedConfigFromPid = class java.util.HashMap@20051505
      serialVersionUID = "/* Could not access serialVersionUID */"
      DEFAULT_INITIAL_CAPACITY = "/* Could not access DEFAULT_INITIAL_CAPACITY */"
      MAXIMUM_CAPACITY = "/* Could not access MAXIMUM_CAPACITY */"
      DEFAULT_LOAD_FACTOR = "/* Could not access DEFAULT_LOAD_FACTOR */"
      TREEIFY_THRESHOLD = "/* Could not access TREEIFY_THRESHOLD */"
      UNTREEIFY_THRESHOLD = "/* Could not access UNTREEIFY_THRESHOLD */"
      MIN_TREEIFY_CAPACITY = "/* Could not access MIN_TREEIFY_CAPACITY */"
      table = "/* Could not access table */"
      entrySet = "/* Could not access entrySet */"
      size = "/* Could not access size */"
      modCount = "/* Could not access modCount */"
      threshold = "/* Could not access threshold */"
      loadFactor = "/* Could not access loadFactor */"
      keySet = "/* Could not access keySet */"
      values = "/* Could not access values */"
    _blockedPidsFromName = class java.util.HashMap@659c7aa6
      serialVersionUID = "/* Could not access serialVersionUID */"
      DEFAULT_INITIAL_CAPACITY = "/* Could not access DEFAULT_INITIAL_CAPACITY */"
      MAXIMUM_CAPACITY = "/* Could not access MAXIMUM_CAPACITY */"
      DEFAULT_LOAD_FACTOR = "/* Could not access DEFAULT_LOAD_FACTOR */"
      TREEIFY_THRESHOLD = "/* Could not access TREEIFY_THRESHOLD */"
      UNTREEIFY_THRESHOLD = "/* Could not access UNTREEIFY_THRESHOLD */"
      MIN_TREEIFY_CAPACITY = "/* Could not access MIN_TREEIFY_CAPACITY */"
      table = "/* Could not access table */"
      entrySet = "/* Could not access entrySet */"
      size = "/* Could not access size */"
      modCount = "/* Could not access modCount */"
      threshold = "/* Could not access threshold */"
      loadFactor = "/* Could not access loadFactor */"
      keySet = "/* Could not access keySet */"
      values = "/* Could not access values */"
    _startAfterDependencies = class java.util.HashMap@493ee493
      serialVersionUID = "/* Could not access serialVersionUID */"
      DEFAULT_INITIAL_CAPACITY = "/* Could not access DEFAULT_INITIAL_CAPACITY */"
      MAXIMUM_CAPACITY = "/* Could not access MAXIMUM_CAPACITY */"
      DEFAULT_LOAD_FACTOR = "/* Could not access DEFAULT_LOAD_FACTOR */"
      TREEIFY_THRESHOLD = "/* Could not access TREEIFY_THRESHOLD */"
      UNTREEIFY_THRESHOLD = "/* Could not access UNTREEIFY_THRESHOLD */"
      MIN_TREEIFY_CAPACITY = "/* Could not access MIN_TREEIFY_CAPACITY */"
      table = "/* Could not access table */"
      entrySet = "/* Could not access entrySet */"
      size = "/* Could not access size */"
      modCount = "/* Could not access modCount */"
      threshold = "/* Could not access threshold */"
      loadFactor = "/* Could not access loadFactor */"
      keySet = "/* Could not access keySet */"
      values = "/* Could not access values */"
    reportedCycles = class java.util.HashSet@25016fd5
      serialVersionUID = "/* Could not access serialVersionUID */"
      map = "/* Could not access map */"
      PRESENT = "/* Could not access PRESENT */"
    _appTypeSupport = class java.util.HashMap@2da4eb4d
      serialVersionUID = "/* Could not access serialVersionUID */"
      DEFAULT_INITIAL_CAPACITY = "/* Could not access DEFAULT_INITIAL_CAPACITY */"
      MAXIMUM_CAPACITY = "/* Could not access MAXIMUM_CAPACITY */"
      DEFAULT_LOAD_FACTOR = "/* Could not access DEFAULT_LOAD_FACTOR */"
      TREEIFY_THRESHOLD = "/* Could not access TREEIFY_THRESHOLD */"
      UNTREEIFY_THRESHOLD = "/* Could not access UNTREEIFY_THRESHOLD */"
      MIN_TREEIFY_CAPACITY = "/* Could not access MIN_TREEIFY_CAPACITY */"
      table = "/* Could not access table */"
      entrySet = "/* Could not access entrySet */"
      size = "/* Could not access size */"
      modCount = "/* Could not access modCount */"
      threshold = "/* Could not access threshold */"
      loadFactor = "/* Could not access loadFactor */"
      keySet = "/* Could not access keySet */"
      values = "/* Could not access values */"
    _ctx = class org.eclipse.osgi.internal.framework.BundleContextImpl@6e7ac87b
      valid = true
      bundle = class org.eclipse.osgi.internal.framework.EquinoxBundle@fe6771c
      container = class org.eclipse.osgi.internal.framework.EquinoxContainer@53382767
      debug = class org.eclipse.osgi.internal.debug.Debug@1a1bcac1
      servicesInUse = class java.util.HashMap@66617359
      activator = null
      contextLock = class java.lang.Object@ca26664
    _appManagerRARSupportDependency = class com.ibm.ws.app.manager.internal.ApplicationDependency@2b6bfd15
      futureMonitor = class com.ibm.ws.threading.internal.FutureMonitorImpl@1a71a5ac
      future = class com.ibm.ws.threading.internal.NonCancelableResultFuture@566d68f3
      desc = "resolves when either support for type=rar applications is registered or we are ready for apps to start"
      seqNo = 0
      _appDepCounter = class java.util.concurrent.atomic.AtomicInteger@75a7b803
    _appManagerReadyDependency = class com.ibm.ws.app.manager.internal.ApplicationDependency@15cf9e97
      futureMonitor = class com.ibm.ws.threading.internal.FutureMonitorImpl@1a71a5ac
      future = class com.ibm.ws.threading.internal.NonCancelableResultFuture@60902bd4
      desc = "resolves when we are ready for apps to start"
      seqNo = 1
      _appDepCounter = class java.util.concurrent.atomic.AtomicInteger@75a7b803
    _currentEpisode = null
    _appRecycleMap = class java.util.HashMap@3b1e343c
      serialVersionUID = "/* Could not access serialVersionUID */"
      DEFAULT_INITIAL_CAPACITY = "/* Could not access DEFAULT_INITIAL_CAPACITY */"
      MAXIMUM_CAPACITY = "/* Could not access MAXIMUM_CAPACITY */"
      DEFAULT_LOAD_FACTOR = "/* Could not access DEFAULT_LOAD_FACTOR */"
      TREEIFY_THRESHOLD = "/* Could not access TREEIFY_THRESHOLD */"
      UNTREEIFY_THRESHOLD = "/* Could not access UNTREEIFY_THRESHOLD */"
      MIN_TREEIFY_CAPACITY = "/* Could not access MIN_TREEIFY_CAPACITY */"
      table = "/* Could not access table */"
      entrySet = "/* Could not access entrySet */"
      size = "/* Could not access size */"
      modCount = "/* Could not access modCount */"
      threshold = "/* Could not access threshold */"
      loadFactor = "/* Could not access loadFactor */"
      keySet = "/* Could not access keySet */"
      values = "/* Could not access values */"
    _configAdmin = class com.ibm.ws.config.admin.internal.ConfigurationAdminImpl@316a4e91
      tc = class com.ibm.websphere.ras.TraceComponent@3b28b0a2
      bundle = class org.eclipse.osgi.internal.framework.EquinoxBundle@fe6771c
      caFactory = class com.ibm.ws.config.admin.internal.ConfigAdminServiceFactory@1900997b
      serialVersionUID = -2875522750804142523
    _locAdmin = class com.ibm.ws.kernel.service.location.internal.WsLocationAdminImpl@3b2532dd
      tc = class com.ibm.websphere.ras.TraceComponent@72fb68e2
      LOC_INTERNAL_LIB_DIR = "wlp.lib.dir"
      LOC_INTERNAL_WORKAREA_DIR = "wlp.workarea.dir"
      LOC_AREA_NAME_APPS = "shared/apps/"
      LOC_AREA_NAME_CONFIG = "shared/config/"
      LOC_AREA_NAME_RESC = "shared/resources/"
      LOC_AREA_NAME_STATE = "logs/state/"
      LOC_AREA_NAME_SERVERS = "servers/"
      LOC_AREA_NAME_CLIENTS = "clients/"
      LOC_AREA_NAME_WORKING = "workarea/"
      LOC_AREA_NAME_LOGS = "logs/"
      LOC_AREA_NAME_EXTENSION = "extension/"
      instance = class com.ibm.ws.kernel.service.location.internal.WsLocationAdminImpl@3b2532dd
      installRoot = class com.ibm.ws.kernel.service.location.internal.SymbolicRootResource@55a9b74
      installParentRoot = class com.ibm.ws.kernel.service.location.internal.SymbolicRootResource@180c01e5
      userRoot = class com.ibm.ws.kernel.service.location.internal.SymbolicRootResource@548c1b7
      usrExtensionRoot = class com.ibm.ws.kernel.service.location.internal.SymbolicRootResource@2286cb24
      serverConfigDir = class com.ibm.ws.kernel.service.location.internal.SymbolicRootResource@7356653b
      serverOutputDir = class com.ibm.ws.kernel.service.location.internal.SymbolicRootResource@7356653b
      bootstrapLib = class com.ibm.ws.kernel.service.location.internal.LocalFileResource@b2d519d
      serverWorkarea = class com.ibm.ws.kernel.service.location.internal.LocalFileResource@482b7c36
      serverState = class com.ibm.ws.kernel.service.location.internal.LocalFileResource@5c6051fc
      sharedAppsRoot = class com.ibm.ws.kernel.service.location.internal.SymbolicRootResource@1c5f98f6
      sharedConfigRoot = class com.ibm.ws.kernel.service.location.internal.SymbolicRootResource@7d1f8359
      sharedResourceRoot = class com.ibm.ws.kernel.service.location.internal.SymbolicRootResource@6e469a00
      tmpRoot = class com.ibm.ws.kernel.service.location.internal.SymbolicRootResource@30f7c985
      serverName = "defaultServer"
      resourcePaths = class java.util.ArrayList@508f7f45
      resourceGroups = class java.util.HashMap@518b2b46
      commonRoot = class com.ibm.ws.kernel.service.location.internal.VirtualRootResource@b473ded
      serverCfgDirStr = "/usr/local/proyectos/PupaSv/target/liberty/wlp/usr/servers/defaultServer/"
      variableSourceDirs = "/usr/local/proyectos/PupaSv/target/liberty/wlp/usr/servers/defaultServer/variables/"
      serialVersionUID = 7963438175177362522
    _futureMonitor = class com.ibm.ws.threading.internal.FutureMonitorImpl@1a71a5ac
    _runtimeUpdateManager = class com.ibm.ws.runtime.update.internal.RuntimeUpdateManagerImpl@459d8efc
      tc = class com.ibm.websphere.ras.TraceComponent@28e950d6
      futureMonitor = class com.ibm.ws.threading.internal.FutureMonitorImpl@1a71a5ac
      normalServerStop = class java.util.concurrent.atomic.AtomicBoolean@422772f8
      updateListeners = class java.util.HashSet@1fdf01a6
      notifications = class java.util.HashMap@3531a87b
      bundleCtx = class org.eclipse.osgi.internal.framework.BundleContextImpl@1e82ad61
      cleanupListener = class com.ibm.ws.runtime.update.internal.RuntimeUpdateManagerImpl$1@6f281aff
      locationService = class com.ibm.ws.kernel.service.location.internal.WsLocationAdminImpl@3b2532dd
      libertyProcess = class com.ibm.ws.kernel.launch.internal.LibertyProcessImpl@16e10550
      executorService = class com.ibm.ws.threading.internal.ExecutorServiceImpl@663e27c0
      serialVersionUID = -6215238739117988494
    _artifactFactory = class com.ibm.ws.artifact.internal.ArtifactContainerFactoryService@6a363ac2
      CATEGORY_PROP_NAME = "category"
      ENTRY_KEY = "com.ibm.wsspi.artifact.ArtifactEntry"
      helperMap = class com.ibm.wsspi.kernel.service.utils.ConcurrentServiceReferenceSetMap@5a06df1c
      contributorMap = class com.ibm.wsspi.kernel.service.utils.ConcurrentServiceReferenceSetMap@c65e928
      helperCategoryMap = class com.ibm.wsspi.kernel.service.utils.ConcurrentServiceReferenceSetMap@287c3b9f
      contributorCategoryMap = class com.ibm.wsspi.kernel.service.utils.ConcurrentServiceReferenceSetMap@1c8f8b5d
      categories = class java.util.Collections$SynchronizedSet@701d49ef
      baseProperties = class org.apache.felix.scr.impl.helper.ReadOnlyDictionary@5312c26d
      registration = class com.ibm.ws.kernel.service.util.ServiceRegistrationModifier@1a7bab53
      serialVersionUID = 6566424214406946230
      $$$tc$$$ = class com.ibm.websphere.ras.TraceComponent@388b26c0
    _moduleFactory = class com.ibm.ws.adaptable.module.internal.AdaptableModuleFactoryImpl@485c611f
      adapterFactoryService = class com.ibm.ws.adaptable.module.internal.AdapterFactoryServiceImpl@6e1de505
      containerFactory = class com.ibm.ws.artifact.internal.ArtifactContainerFactoryService@6a363ac2
      overlayContainerFactory = class com.ibm.ws.artifact.overlay.internal.OverlayContainerFactoryImpl@1e1165a
      serialVersionUID = 4200251809856292987
      $$$tc$$$ = class com.ibm.websphere.ras.TraceComponent@460f3c74
    _executor = class com.ibm.ws.threading.internal.ExecutorServiceImpl@663e27c0
      tc = class com.ibm.websphere.ras.TraceComponent@702e46f1
      threadPool = class java.util.concurrent.ThreadPoolExecutor@4caaf419
      threadPoolController = class com.ibm.ws.threading.internal.ThreadPoolController@66b3cc54
      poolName = "Default Executor"
      MINIMUM_POOL_SIZE = 4
      MINIMUM_QUIESCE_TIMEOUT = 30
      quiesceTimeout = 30
      componentConfig = class org.apache.felix.scr.impl.helper.ReadOnlyDictionary@429f1e98
      interceptorsActive = false
      interceptors = class java.util.concurrent.CopyOnWriteArraySet@3bca0c96
      threadFactory = null
      serverStopping = false
      isBeta = false
      phaser = class java.util.concurrent.Phaser@52d3cd9d
      serialVersionUID = 4909002417577978905
    _scheduledExecutor = class com.ibm.ws.threading.internal.ScheduledExecutorImpl@27c8a1d
      threadGroupName = "Scheduled Executor Thread Group"
      executor = class com.ibm.ws.threading.internal.ExecutorServiceImpl@663e27c0
      serialVersionUID = -9110693807503469597
      $$$tc$$$ = class com.ibm.websphere.ras.TraceComponent@43768ae4
      continueExistingPeriodicTasksAfterShutdown = "/* Could not access continueExistingPeriodicTasksAfterShutdown */"
      executeExistingDelayedTasksAfterShutdown = "/* Could not access executeExistingDelayedTasksAfterShutdown */"
      removeOnCancel = "/* Could not access removeOnCancel */"
      sequencer = "/* Could not access sequencer */"
      DEFAULT_KEEPALIVE_MILLIS = "/* Could not access DEFAULT_KEEPALIVE_MILLIS */"
      ctl = "/* Could not access ctl */"
      COUNT_BITS = "/* Could not access COUNT_BITS */"
      COUNT_MASK = "/* Could not access COUNT_MASK */"
      RUNNING = "/* Could not access RUNNING */"
      SHUTDOWN = "/* Could not access SHUTDOWN */"
      STOP = "/* Could not access STOP */"
      TIDYING = "/* Could not access TIDYING */"
      TERMINATED = "/* Could not access TERMINATED */"
      workQueue = "/* Could not access workQueue */"
      mainLock = "/* Could not access mainLock */"
      workers = "/* Could not access workers */"
      termination = "/* Could not access termination */"
      container = "/* Could not access container */"
      largestPoolSize = "/* Could not access largestPoolSize */"
      completedTaskCount = "/* Could not access completedTaskCount */"
      threadFactory = "/* Could not access threadFactory */"
      handler = "/* Could not access handler */"
      keepAliveTime = "/* Could not access keepAliveTime */"
      allowCoreThreadTimeOut = "/* Could not access allowCoreThreadTimeOut */"
      corePoolSize = "/* Could not access corePoolSize */"
      maximumPoolSize = "/* Could not access maximumPoolSize */"
      defaultHandler = "/* Could not access defaultHandler */"
      shutdownPerm = "/* Could not access shutdownPerm */"
      ONLY_ONE = "/* Could not access ONLY_ONE */"
      $assertionsDisabled = "/* Could not access $assertionsDisabled */"
    _appMonitorConfigurator = class com.ibm.ws.app.manager.internal.monitor.AppMonitorConfigurator@2c4f8bfe
      appMonitor = class com.ibm.ws.app.manager.internal.monitor.ApplicationMonitor@4c404184
      dropinMonitor = class com.ibm.ws.app.manager.internal.monitor.DropinMonitor@4aea04b0
      appMonitorConfig = class com.ibm.ws.app.manager.internal.monitor.ApplicationMonitorConfig@20d40441
      serialVersionUID = 3950085264800962571
      $$$tc$$$ = class com.ibm.websphere.ras.TraceComponent@7e350af7
    _applicationManager = class com.ibm.ws.app.manager.ApplicationManager@2cef8b31
    _checkpointPhase = class io.openliberty.checkpoint.spi.CheckpointPhase@663ae59f
      AFTER_APP_START = class io.openliberty.checkpoint.spi.CheckpointPhase@558e9973
      BEFORE_APP_START = class io.openliberty.checkpoint.spi.CheckpointPhase@ae4f7c4
      INACTIVE = class io.openliberty.checkpoint.spi.CheckpointPhase@663ae59f
      CHECKPOINT_PROPERTY = "io.openliberty.checkpoint"
      CHECKPOINT_ACTIVE_FILTER = "(!(io.openliberty.checkpoint=INACTIVE))"
      CHECKPOINT_RESTORED_PROPERTY = "io.openliberty.checkpoint.restored"
      CONDITION_PROCESS_RUNNING_ID = "io.openliberty.process.running"
      CONDITION_BEFORE_CHECKPOINT_ID = "io.openliberty.before.checkpoint"
      SERVICE_RANKING = "service.ranking"
      restored = true
      blockAddHooks = false
      singleThreadedHooks = class java.util.HashMap@75c97f40
      multiThreadedHooks = class java.util.HashMap@119f03a0
      contextRef = class java.lang.ref.WeakReference@307b45e1
      registerService = null
      unregisterService = null
      THE_PHASE = class io.openliberty.checkpoint.spi.CheckpointPhase@663ae59f
      DEBUG = false
      checkpointLock = class java.util.concurrent.locks.ReentrantReadWriteLock@1d0cdefd
      $VALUES = class io.openliberty.checkpoint.spi.CheckpointPhase[3]
      name = "/* Could not access name */"
      ordinal = "/* Could not access ordinal */"
      hash = "/* Could not access hash */"
    _restoreMessages = class java.util.concurrent.CopyOnWriteArrayList@5c7210f
      serialVersionUID = "/* Could not access serialVersionUID */"
      lock = "/* Could not access lock */"
      array = "/* Could not access array */"
    SIMPLE_INITIAL_UPDATE_NOTIFICATIONS = class java.util.Arrays$ArrayList@2c04a525
      serialVersionUID = "/* Could not access serialVersionUID */"
      a = "/* Could not access a */"
      modCount = "/* Could not access modCount */"
    serialVersionUID = -7226738620475991472
  failStartCheckpoint = class java.util.concurrent.atomic.AtomicReference@41e716d9
    serialVersionUID = "/* Could not access serialVersionUID */"
    VALUE = "/* Could not access VALUE */"
    value = "/* Could not access value */"
  _listener = class com.ibm.ws.app.manager.internal.statemachine.StartAction$1@76cfcbc9
    this$0 = class com.ibm.ws.app.manager.internal.statemachine.StartAction@6ad0987a
    serialVersionUID = 276196939532533882
    $$$tc$$$ = class com.ibm.websphere.ras.TraceComponent@4c274db1
      strings[0] = "TraceComponent[com.ibm.ws.app.manager.internal.statemachine.StartAction$1,class com.ibm.ws.app.manager.internal.statemachine.StartAction$1,[applications, app.manager],com.ibm.ws.app.manager.internal.resources.AppManagerMessages,null]"
  serialVersionUID = -3521364065179231643

Dump of objectArray[0]
Object type = com.ibm.ws.threading.internal.ScheduledExecutorImpl
  threadGroupName = "Scheduled Executor Thread Group"
  executor = class com.ibm.ws.threading.internal.ExecutorServiceImpl@663e27c0
    tc = class com.ibm.websphere.ras.TraceComponent@702e46f1
      strings[0] = "TraceComponent[com.ibm.ws.threading.internal.ExecutorServiceImpl,class com.ibm.ws.threading.internal.ExecutorServiceImpl,[Threading],com.ibm.ws.threading.internal.resources.ThreadingMessages,null]"
    threadPool = class java.util.concurrent.ThreadPoolExecutor@4caaf419
      ctl = "/* Could not access ctl */"
      COUNT_BITS = "/* Could not access COUNT_BITS */"
      COUNT_MASK = "/* Could not access COUNT_MASK */"
      RUNNING = "/* Could not access RUNNING */"
      SHUTDOWN = "/* Could not access SHUTDOWN */"
      STOP = "/* Could not access STOP */"
      TIDYING = "/* Could not access TIDYING */"
      TERMINATED = "/* Could not access TERMINATED */"
      workQueue = "/* Could not access workQueue */"
      mainLock = "/* Could not access mainLock */"
      workers = "/* Could not access workers */"
      termination = "/* Could not access termination */"
      container = "/* Could not access container */"
      largestPoolSize = "/* Could not access largestPoolSize */"
      completedTaskCount = "/* Could not access completedTaskCount */"
      threadFactory = "/* Could not access threadFactory */"
      handler = "/* Could not access handler */"
      keepAliveTime = "/* Could not access keepAliveTime */"
      allowCoreThreadTimeOut = "/* Could not access allowCoreThreadTimeOut */"
      corePoolSize = "/* Could not access corePoolSize */"
      maximumPoolSize = "/* Could not access maximumPoolSize */"
      defaultHandler = "/* Could not access defaultHandler */"
      shutdownPerm = "/* Could not access shutdownPerm */"
      ONLY_ONE = "/* Could not access ONLY_ONE */"
      $assertionsDisabled = "/* Could not access $assertionsDisabled */"
    threadPoolController = class com.ibm.ws.threading.internal.ThreadPoolController@66b3cc54
      tc = class com.ibm.websphere.ras.TraceComponent@bac77d1
      interval = 1500
      hangInterval = 750
      hangResolutionCountdown = 0
      hangResolutionCycles = 3
      hangBufferPoolSize = 0
      currentMinimumPoolSize = 24
      controllerCyclesWithoutHang = 0
      noHangCyclesThreshold = 8
      compareRange = 4
      numberCpus = 12
      controllerCycle = 0
      distributionReset = false
      poolIncrement = 1
      poolDecrement = 1
      maxThreadsPoolDecrement = 1
      poolChangeBasis = 12
      poolIncrementBoundLow = 192
      poolIncrementBoundMedium = 768
      poolIncrementBoundHigh = 1536
      poolIncrementBoundExtraHigh = 3072
      poolIncrementMax = 48
      poolIncrementMin = 1
      POOL_INCREMENT_MIN_DEFAULT = 1
      POOL_INCREMENT_MAX_DEFAULT = 48
      minimumDesiredPoolSizeAdjustments = 10
      targetPoolSize = 24
      consecutiveTargetPoolSizeWrong = 0
      MAX_CONSECUTIVE_TARGET_POOLSIZE_WRONG = 3
      highCpu = 90
      lowTputThreadsRatio = 1.0
      activeThreadsGrowthRatio = 0.75
      dataAgePruneLevel = 5.0
      compareSpanPruneMultiplier = 2
      tputRatioPruneLevel = 5.0
      poolTputRatioHigh = 5.0
      poolTputRatioLow = 3.0
      compareSpanRatioMultiplier = 2
      growScoreFilterLevel = 0.5
      shrinkScoreFilterLevel = 0.5
      growShrinkDiffFilter = 0.25
      resetDistroStdDevEwmaRatio = 0.1
      resetDistroNewTputEwmaRatio = 0.5
      resetDistroConsecutiveOutliers = 5.0
      deepQueueMultiple = 4
      consecutiveDeepQueueThreshold = 5
      deepQueuePoolIncrementMultiple = 4
      startupPoolSize = 6
      initialStartupCompleted = false
      startupHangCpuUtilThreshold = 10
      startupHangControllerCyclesSkip = 2
      processCpuUtil = 8.839031269995136E-9
      systemCpuUtil = 0.0
      cpuUtil = 8.839031269995136E-9
      df = class java.text.DecimalFormat@116bdfdd
      queueDepth = 0
      deepQueue = false
      consecutiveDeepQueueCycles = 0
      activeThreads = 0
      MAX_INTERVALS_WITHOUT_CHANGE = 5
      EMPTY_QUEUE_SHRINK_MAGIC_PER_INTERVAL = 0.04
      IDLE_INTERVALS_BEFORE_PAUSE = 3
      MAX_OUTLIER_AFTER_CHANGE_BEFORE_RESET = 10
      maxThreadsToBreakHang = 1000
      lastAction = class com.ibm.ws.threading.internal.ThreadPoolController$LastAction@2f6bc861
      timer = class java.util.Timer@44da6912
      activeTask = class com.ibm.ws.threading.internal.IntervalTask@655940ca
      paused = false
      lastTimerPop = 1744157950769
      previousCompleted = 0
      previousThroughput = 0.0
      consecutiveQueueEmptyCount = 0
      consecutiveNoAdjustment = 0
      consecutiveOutlierAfterAdjustment = 0
      consecutiveIdleCount = 0
      maxThreads = 2147483647
      coreThreads = 24
      threadRange = 2147483623
      threadPool = class java.util.concurrent.ThreadPoolExecutor@4caaf419
      threadStats = class java.util.TreeMap@2a03fe8b
      poolSizeWhenHangDetected = -1
      hangIntervalCounter = 0
      hangMaxThreadsMessageEmitted = false
      startupCycleSkipCount = 2
      normalizedStartupHangCpuUtilThreshold = 5
      serialVersionUID = -4031134207551568497
    poolName = "Default Executor"
    MINIMUM_POOL_SIZE = 4
    MINIMUM_QUIESCE_TIMEOUT = 30
    quiesceTimeout = 30
    componentConfig = class org.apache.felix.scr.impl.helper.ReadOnlyDictionary@429f1e98
      m_delegate = class java.util.Hashtable@50769889
      m_serviceReference = null
    interceptorsActive = false
    interceptors = class java.util.concurrent.CopyOnWriteArraySet@3bca0c96
      serialVersionUID = "/* Could not access serialVersionUID */"
      al = "/* Could not access al */"
    threadFactory = null
    serverStopping = false
    isBeta = false
    phaser = class java.util.concurrent.Phaser@52d3cd9d
      state = "/* Could not access state */"
      MAX_PARTIES = "/* Could not access MAX_PARTIES */"
      MAX_PHASE = "/* Could not access MAX_PHASE */"
      PARTIES_SHIFT = "/* Could not access PARTIES_SHIFT */"
      PHASE_SHIFT = "/* Could not access PHASE_SHIFT */"
      UNARRIVED_MASK = "/* Could not access UNARRIVED_MASK */"
      PARTIES_MASK = "/* Could not access PARTIES_MASK */"
      COUNTS_MASK = "/* Could not access COUNTS_MASK */"
      TERMINATION_BIT = "/* Could not access TERMINATION_BIT */"
      ONE_ARRIVAL = "/* Could not access ONE_ARRIVAL */"
      ONE_PARTY = "/* Could not access ONE_PARTY */"
      ONE_DEREGISTER = "/* Could not access ONE_DEREGISTER */"
      EMPTY = "/* Could not access EMPTY */"
      parent = "/* Could not access parent */"
      root = "/* Could not access root */"
      evenQ = "/* Could not access evenQ */"
      oddQ = "/* Could not access oddQ */"
      NCPU = "/* Could not access NCPU */"
      SPINS_PER_ARRIVAL = "/* Could not access SPINS_PER_ARRIVAL */"
      STATE = "/* Could not access STATE */"
    serialVersionUID = 4909002417577978905
  serialVersionUID = -9110693807503469597
  $$$tc$$$ = class com.ibm.websphere.ras.TraceComponent@43768ae4
    strings[0] = "TraceComponent[com.ibm.ws.threading.internal.ScheduledExecutorImpl,class com.ibm.ws.threading.internal.ScheduledExecutorImpl,[Threading],com.ibm.ws.threading.internal.resources.ThreadingMessages,null]"
  continueExistingPeriodicTasksAfterShutdown = "/* Could not access continueExistingPeriodicTasksAfterShutdown */"
  executeExistingDelayedTasksAfterShutdown = "/* Could not access executeExistingDelayedTasksAfterShutdown */"
  removeOnCancel = "/* Could not access removeOnCancel */"
  sequencer = "/* Could not access sequencer */"
  DEFAULT_KEEPALIVE_MILLIS = "/* Could not access DEFAULT_KEEPALIVE_MILLIS */"
  ctl = "/* Could not access ctl */"
  COUNT_BITS = "/* Could not access COUNT_BITS */"
  COUNT_MASK = "/* Could not access COUNT_MASK */"
  RUNNING = "/* Could not access RUNNING */"
  SHUTDOWN = "/* Could not access SHUTDOWN */"
  STOP = "/* Could not access STOP */"
  TIDYING = "/* Could not access TIDYING */"
  TERMINATED = "/* Could not access TERMINATED */"
  workQueue = "/* Could not access workQueue */"
  mainLock = "/* Could not access mainLock */"
  workers = "/* Could not access workers */"
  termination = "/* Could not access termination */"
  container = "/* Could not access container */"
  largestPoolSize = "/* Could not access largestPoolSize */"
  completedTaskCount = "/* Could not access completedTaskCount */"
  threadFactory = "/* Could not access threadFactory */"
  handler = "/* Could not access handler */"
  keepAliveTime = "/* Could not access keepAliveTime */"
  allowCoreThreadTimeOut = "/* Could not access allowCoreThreadTimeOut */"
  corePoolSize = "/* Could not access corePoolSize */"
  maximumPoolSize = "/* Could not access maximumPoolSize */"
  defaultHandler = "/* Could not access defaultHandler */"
  shutdownPerm = "/* Could not access shutdownPerm */"
  ONLY_ONE = "/* Could not access ONLY_ONE */"
  $assertionsDisabled = "/* Could not access $assertionsDisabled */"

