------Start of DE processing------ = [8/4/25, 18:19:11:382 CST]
Exception = com.ibm.wsspi.adaptable.module.UnableToAdaptException
Source = com.ibm.ws.app.manager.war.internal.WARApplicationHandlerImpl
probeid = 53
Stack Dump = com.ibm.wsspi.adaptable.module.UnableToAdaptException: com.ibm.ws.javaee.ddmodel.DDParser$ParseException: CWWKC2263E: El descriptor de despliegue webapp : WEB-INF/web.xml de la línea 5 especifica la versión 60, que es superior a la versión 31 suministrada actualmente.
	at com.ibm.ws.javaee.ddmodel.web.WebAppEntryAdapter.adapt(WebAppEntryAdapter.java:63)
	at com.ibm.ws.javaee.ddmodel.web.WebAppEntryAdapter.adapt(WebAppEntryAdapter.java:28)
	at com.ibm.ws.adaptable.module.internal.AdapterFactoryServiceImpl.adapt(AdapterFactoryServiceImpl.java:233)
	at com.ibm.ws.adaptable.module.internal.AdaptableEntryImpl.adapt(AdaptableEntryImpl.java:123)
	at com.ibm.ws.javaee.ddmodel.web.WebAppAdapter.adapt(WebAppAdapter.java:40)
	at com.ibm.ws.javaee.ddmodel.web.WebAppAdapter.adapt(WebAppAdapter.java:26)
	at com.ibm.ws.adaptable.module.internal.AdapterFactoryServiceImpl.adapt(AdapterFactoryServiceImpl.java:202)
	at com.ibm.ws.adaptable.module.internal.AdaptableContainerImpl.adapt(AdaptableContainerImpl.java:176)
	at com.ibm.ws.app.manager.module.internal.SimpleDeployedAppInfoBase$ModuleContainerInfoBase.<init>(SimpleDeployedAppInfoBase.java:182)
	at com.ibm.ws.app.manager.module.internal.SimpleDeployedAppInfoBase$WebModuleContainerInfo.<init>(SimpleDeployedAppInfoBase.java:428)
	at com.ibm.ws.app.manager.module.internal.SimpleDeployedAppInfoBase$WebModuleContainerInfo.<init>(SimpleDeployedAppInfoBase.java:418)
	at com.ibm.ws.app.manager.war.internal.WARDeployedAppInfo.<init>(WARDeployedAppInfo.java:67)
	at com.ibm.ws.app.manager.war.internal.WARDeployedAppInfoFactoryImpl.createDeployedAppInfo(WARDeployedAppInfoFactoryImpl.java:170)
	at com.ibm.ws.app.manager.war.internal.WARDeployedAppInfoFactoryImpl.createDeployedAppInfo(WARDeployedAppInfoFactoryImpl.java:37)
	at com.ibm.ws.app.manager.war.internal.WARApplicationHandlerImpl.setUpApplicationMonitoring(WARApplicationHandlerImpl.java:52)
	at com.ibm.ws.app.manager.internal.statemachine.StartAction.execute(StartAction.java:194)
	at com.ibm.ws.app.manager.internal.statemachine.ApplicationStateMachineImpl.enterState(ApplicationStateMachineImpl.java:1369)
	at com.ibm.ws.app.manager.internal.statemachine.ApplicationStateMachineImpl.run(ApplicationStateMachineImpl.java:912)
	at com.ibm.ws.threading.internal.ExecutorServiceImpl$RunnableWrapper.run(ExecutorServiceImpl.java:298)
	at java.base/java.util.concurrent.ThreadPoolExecutor.runWorker(ThreadPoolExecutor.java:1144)
	at java.base/java.util.concurrent.ThreadPoolExecutor$Worker.run(ThreadPoolExecutor.java:642)
	at java.base/java.lang.Thread.run(Thread.java:1583)
Caused by: com.ibm.ws.javaee.ddmodel.DDParser$ParseException: CWWKC2263E: El descriptor de despliegue webapp : WEB-INF/web.xml de la línea 5 especifica la versión 60, que es superior a la versión 31 suministrada actualmente.
	at com.ibm.ws.javaee.ddmodel.DDParserSpec.createRootParsable(DDParserSpec.java:122)
	at com.ibm.ws.javaee.ddmodel.DDParser.parseRootElement(DDParser.java:932)
	at com.ibm.ws.javaee.ddmodel.DDParser.parse(DDParser.java:911)
	at com.ibm.ws.javaee.ddmodel.web.WebAppDDParser.parse(WebAppDDParser.java:68)
	at com.ibm.ws.javaee.ddmodel.web.WebAppEntryAdapter.adapt(WebAppEntryAdapter.java:61)
	... 21 more

Dump of callerThis
Object type = com.ibm.ws.app.manager.war.internal.WARApplicationHandlerImpl
  futureMonitor = class com.ibm.ws.threading.internal.FutureMonitorImpl@1a71a5ac
    _monitor = class java.util.concurrent.ConcurrentLinkedQueue@1571b9f5
      serialVersionUID = "/* Could not access serialVersionUID */"
      head = "/* Could not access head */"
      tail = "/* Could not access tail */"
      MAX_HOPS = "/* Could not access MAX_HOPS */"
      HEAD = "/* Could not access HEAD */"
      TAIL = "/* Could not access TAIL */"
      ITEM = "/* Could not access ITEM */"
      NEXT = "/* Could not access NEXT */"
    _executor = class com.ibm.ws.threading.internal.DeferrableScheduledExecutorImpl@2a6cb79d
      PERIOD_MILLISECONDS = 15000
      executor = class com.ibm.ws.threading.internal.ScheduledExecutorImpl@27c8a1d
      serialVersionUID = 4761900424000004220
      $$$tc$$$ = class com.ibm.websphere.ras.TraceComponent@60d6d53d
    _threadRunning = class java.util.concurrent.atomic.AtomicBoolean@317aca89
      serialVersionUID = "/* Could not access serialVersionUID */"
      VALUE = "/* Could not access VALUE */"
      value = "/* Could not access value */"
    _thread = class com.ibm.ws.threading.internal.FutureMonitorImpl$1@619c7994
      this$0 = class com.ibm.ws.threading.internal.FutureMonitorImpl@1a71a5ac
      serialVersionUID = 2422512430832938099
      $$$tc$$$ = class com.ibm.websphere.ras.TraceComponent@487093c
    serialVersionUID = 2765238413969174390
    $$$tc$$$ = class com.ibm.websphere.ras.TraceComponent@6219eb65
      strings[0] = "TraceComponent[com.ibm.ws.threading.internal.FutureMonitorImpl,class com.ibm.ws.threading.internal.FutureMonitorImpl,[Threading],com.ibm.ws.threading.internal.resources.ThreadingMessages,null]"
  deployedAppFactory = class com.ibm.ws.app.manager.war.internal.WARDeployedAppInfoFactoryImpl@3761d8c9
    tc = class com.ibm.websphere.ras.TraceComponent@3ba10278
      strings[0] = "TraceComponent[com.ibm.ws.app.manager.war.internal.WARDeployedAppInfoFactoryImpl,class com.ibm.ws.app.manager.war.internal.WARDeployedAppInfoFactoryImpl,[webcontainer, applications, app.manager],com.ibm.ws.app.manager.war.internal.resources.Messages,null]"
    DEFAULT_APP_LOCATION = "${server.config.dir}/apps/expanded/"
    deployedAppServices = class com.ibm.ws.app.manager.module.internal.DeployedAppServicesImpl@14556ee8
      SERVER_APPS_DIR = "${server.output.dir}/apps/"
      EXPANDED_APPS_DIR = "${server.output.dir}/apps/expanded/"
      bundleContext = class org.eclipse.osgi.internal.framework.BundleContextImpl@4a0be788
      applicationInfoFactory = class com.ibm.ws.container.service.app.deploy.internal.ApplicationInfoFactoryImpl@533e7309
      futureMonitor = class com.ibm.ws.threading.internal.FutureMonitorImpl@1a71a5ac
      classLoadingService = class com.ibm.ws.classloading.internal.ClassLoadingServiceImpl@7c79c3ef
      globalSharedLibrary = class com.ibm.ws.library.internal.SharedLibraryImpl@6095562c
      globalSharedLibraryPid = "com.ibm.ws.classloading.sharedlibrary_0"
      configAdmin = class com.ibm.ws.config.admin.internal.ConfigurationAdminImpl@56cc0d7f
      metaDataService = class com.ibm.ws.container.service.metadata.internal.MetaDataServiceImpl@79bada43
      stateChangeService = class com.ibm.ws.container.service.state.internal.StateChangeServiceImpl@36254ab6
      allModuleTypes = class java.lang.String[4]
      moduleMetaDataExtenders = class java.util.concurrent.ConcurrentHashMap@441e4909
      nestedModuleMetaDataFactories = class java.util.concurrent.ConcurrentHashMap@ef05390
      permissionManager = class com.ibm.ws.classloading.java2sec.PermissionManager@386110c4
      locAdmin = class com.ibm.ws.kernel.service.location.internal.WsLocationAdminImpl@3b2532dd
      artifactFactory = class com.ibm.ws.artifact.internal.ArtifactContainerFactoryService@6a363ac2
      moduleFactory = class com.ibm.ws.adaptable.module.internal.AdaptableModuleFactoryImpl@485c611f
      serialVersionUID = 8537801607979767986
      $$$tc$$$ = class com.ibm.websphere.ras.TraceComponent@8367a7e
    webModuleHandler = class com.ibm.ws.app.manager.web.internal.WebModuleHandlerImpl@3ba4152c
      serialVersionUID = 4795602325763828210
      $$$tc$$$ = class com.ibm.websphere.ras.TraceComponent@478e0e4b
      futureMonitor = class com.ibm.ws.threading.internal.FutureMonitorImpl@1a71a5ac
      metaDataService = class com.ibm.ws.container.service.metadata.internal.MetaDataServiceImpl@79bada43
      stateChangeService = class com.ibm.ws.container.service.state.internal.StateChangeServiceImpl@36254ab6
      moduleRuntimeContainer = class com.ibm.ws.webcontainer.osgi.WebContainer@51ecf079
      firstFailure = null
      serialVersionUID = -4563697739413190872
      $$$tc$$$ = class com.ibm.websphere.ras.TraceComponent@ae812e4
    applicationManager = class com.ibm.ws.app.manager.ApplicationManager@2cef8b31
      expandApps = true
      useJandex = false
      startTimeout = 30
      stopTimeout = 30
      expandLocation = "/usr/local/proyectos/PupaSv/target/liberty/wlp/usr/servers/defaultServer/apps/expanded/"
      extractedLog = class java.io.File@6e04fddc
      extractsDataLog = class java.util.concurrent.ConcurrentHashMap@2aba64ec
      APPNAME_KEY = "appName"
      APPNAME_CALLBACK = class com.ibm.ws.app.manager.ApplicationManager$1@13778c58
      serialVersionUID = -4857646304502982718
      $$$tc$$$ = class com.ibm.websphere.ras.TraceComponent@103e4bbf
    serialVersionUID = 209138972697730943
    serialVersionUID = 6498862425241821545
    $$$tc$$$ = class com.ibm.websphere.ras.TraceComponent@5c5b6176
      strings[0] = "TraceComponent[com.ibm.ws.app.manager.module.AbstractDeployedAppInfoFactory,class com.ibm.ws.app.manager.module.AbstractDeployedAppInfoFactory,[applications, app.manager],null,null]"
  serialVersionUID = 4622845147410944782
  $$$tc$$$ = class com.ibm.websphere.ras.TraceComponent@2b0a380
    strings[0] = "TraceComponent[com.ibm.ws.app.manager.war.internal.WARApplicationHandlerImpl,class com.ibm.ws.app.manager.war.internal.WARApplicationHandlerImpl,[webcontainer, applications, app.manager],com.ibm.ws.app.manager.war.internal.resources.Messages,null]"

Dump of objectArray[0]
Object type = com.ibm.ws.app.manager.internal.ApplicationInstallInfo
  _config = class com.ibm.ws.app.manager.internal.ApplicationConfig@1951fa41
    tc = class com.ibm.websphere.ras.TraceComponent@1bab1e57
      strings[0] = "TraceComponent[com.ibm.ws.app.manager.internal.ApplicationConfig,class com.ibm.ws.app.manager.internal.ApplicationConfig,[applications, app.manager],com.ibm.ws.app.manager.internal.resources.AppManagerMessages,null]"
    _configPid = "com.ibm.ws.app.manager_0"
    _config = class com.ibm.ws.config.admin.ConfigurationDictionary@3562ec42
      serialVersionUID = 7966152868712543805
      simpleTypes = class java.util.Arrays$ArrayList@7c44cb20
      primitiveArrayTypes = class java.util.Arrays$ArrayList@4d63cf2a
      simpleArrayTypes = class java.util.Arrays$ArrayList@719050d0
      extendedTypes = class java.util.Arrays$ArrayList@78b4fe4a
      CASE_INSENSITIVE = class com.ibm.ws.config.admin.ConfigurationDictionary$CaseInsensitive@22f327b7
      properties = class java.util.Collections$SynchronizedMap@71baa65c
    _applicationManager = class com.ibm.ws.app.manager.ApplicationManager@2cef8b31
      expandApps = true
      useJandex = false
      startTimeout = 30
      stopTimeout = 30
      expandLocation = "/usr/local/proyectos/PupaSv/target/liberty/wlp/usr/servers/defaultServer/apps/expanded/"
      extractedLog = class java.io.File@6e04fddc
      extractsDataLog = class java.util.concurrent.ConcurrentHashMap@2aba64ec
      APPNAME_KEY = "appName"
      APPNAME_CALLBACK = class com.ibm.ws.app.manager.ApplicationManager$1@13778c58
      serialVersionUID = -4857646304502982718
      $$$tc$$$ = class com.ibm.websphere.ras.TraceComponent@103e4bbf
    _location = "/usr/local/proyectos/PupaSv/target/liberty/wlp/usr/servers/defaultServer/dropins/PupaSv-1.0-SNAPSHOT.war"
    _type = "war"
    _name = "PupaSv-1.0-SNAPSHOT"
    _notificationBroadcasterSupport = class javax.management.NotificationBroadcasterSupport@364e909
      listenerList = "/* Could not access listenerList */"
      executor = "/* Could not access executor */"
      notifInfo = "/* Could not access notifInfo */"
      defaultExecutor = "/* Could not access defaultExecutor */"
      NO_NOTIFICATION_INFO = "/* Could not access NO_NOTIFICATION_INFO */"
      logger = "/* Could not access logger */"
    ONE_TIME_JANDEX_MSGS_DISPLAYED = true
    serialVersionUID = -2151423388299667431
  _handlerInfo = class java.util.concurrent.atomic.AtomicReference@29e0cce6
    serialVersionUID = "/* Could not access serialVersionUID */"
    VALUE = "/* Could not access VALUE */"
    value = "/* Could not access value */"
  _container = class java.util.concurrent.atomic.AtomicReference@66850758
    serialVersionUID = "/* Could not access serialVersionUID */"
    VALUE = "/* Could not access VALUE */"
    value = "/* Could not access value */"
  _resolvedLocation = class java.util.concurrent.atomic.AtomicReference@42ae93d4
    serialVersionUID = "/* Could not access serialVersionUID */"
    VALUE = "/* Could not access VALUE */"
    value = "/* Could not access value */"
  _handler = class com.ibm.ws.app.manager.war.internal.WARApplicationHandlerImpl@a5ff79
    futureMonitor = class com.ibm.ws.threading.internal.FutureMonitorImpl@1a71a5ac
      _monitor = class java.util.concurrent.ConcurrentLinkedQueue@1571b9f5
      _executor = class com.ibm.ws.threading.internal.DeferrableScheduledExecutorImpl@2a6cb79d
      _threadRunning = class java.util.concurrent.atomic.AtomicBoolean@317aca89
      _thread = class com.ibm.ws.threading.internal.FutureMonitorImpl$1@619c7994
      serialVersionUID = 2765238413969174390
      $$$tc$$$ = class com.ibm.websphere.ras.TraceComponent@6219eb65
    deployedAppFactory = class com.ibm.ws.app.manager.war.internal.WARDeployedAppInfoFactoryImpl@3761d8c9
      tc = class com.ibm.websphere.ras.TraceComponent@3ba10278
      DEFAULT_APP_LOCATION = "${server.config.dir}/apps/expanded/"
      deployedAppServices = class com.ibm.ws.app.manager.module.internal.DeployedAppServicesImpl@14556ee8
      webModuleHandler = class com.ibm.ws.app.manager.web.internal.WebModuleHandlerImpl@3ba4152c
      applicationManager = class com.ibm.ws.app.manager.ApplicationManager@2cef8b31
      serialVersionUID = 209138972697730943
      serialVersionUID = 6498862425241821545
      $$$tc$$$ = class com.ibm.websphere.ras.TraceComponent@5c5b6176
    serialVersionUID = 4622845147410944782
    $$$tc$$$ = class com.ibm.websphere.ras.TraceComponent@2b0a380
      strings[0] = "TraceComponent[com.ibm.ws.app.manager.war.internal.WARApplicationHandlerImpl,class com.ibm.ws.app.manager.war.internal.WARApplicationHandlerImpl,[webcontainer, applications, app.manager],com.ibm.ws.app.manager.war.internal.resources.Messages,null]"
  _ami = class java.util.concurrent.atomic.AtomicReference@543bea32
    serialVersionUID = "/* Could not access serialVersionUID */"
    VALUE = "/* Could not access VALUE */"
    value = "/* Could not access value */"
  _updateHandler = class com.ibm.ws.app.manager.internal.statemachine.ApplicationStateMachineImpl@7b939baf
    _tc = class com.ibm.websphere.ras.TraceComponent@1c5760d6
      strings[0] = "TraceComponent[com.ibm.ws.app.manager.internal.statemachine.ApplicationStateMachineImpl,class com.ibm.ws.app.manager.internal.statemachine.ApplicationStateMachineImpl,[applications, app.manager],com.ibm.ws.app.manager.internal.resources.AppManagerMessages,null]"
    EMPTY_FUTURE_ARRAY = interface java.util.concurrent.Future[0]
    asmSequenceNumber = class java.util.concurrent.atomic.AtomicLong@6f2c4571
      serialVersionUID = "/* Could not access serialVersionUID */"
      VM_SUPPORTS_LONG_CAS = "/* Could not access VM_SUPPORTS_LONG_CAS */"
      U = "/* Could not access U */"
      VALUE = "/* Could not access VALUE */"
      value = "/* Could not access value */"
      serialVersionUID = "/* Could not access serialVersionUID */"
    _qscaCounter = class java.util.concurrent.atomic.AtomicInteger@4d0eb42a
      serialVersionUID = "/* Could not access serialVersionUID */"
      U = "/* Could not access U */"
      VALUE = "/* Could not access VALUE */"
      value = "/* Could not access value */"
      serialVersionUID = "/* Could not access serialVersionUID */"
    _failedThrowable = null
    _interruptibleLock = class com.ibm.ws.app.manager.internal.statemachine.ApplicationStateMachineImpl$2@69063023
      this$0 = class com.ibm.ws.app.manager.internal.statemachine.ApplicationStateMachineImpl@7b939baf
      serialVersionUID = 1428897424970146289
      $$$tc$$$ = class com.ibm.websphere.ras.TraceComponent@1f9b72f2
    _interruptible = false
    _performingQueuedActions = true
    _queuedActions = class java.util.concurrent.ConcurrentLinkedQueue@4eede0bf
      serialVersionUID = "/* Could not access serialVersionUID */"
      head = "/* Could not access head */"
      tail = "/* Could not access tail */"
      MAX_HOPS = "/* Could not access MAX_HOPS */"
      HEAD = "/* Could not access HEAD */"
      TAIL = "/* Could not access TAIL */"
      ITEM = "/* Could not access ITEM */"
      NEXT = "/* Could not access NEXT */"
    _callbackState = class java.util.concurrent.atomic.AtomicReference@43e733de
      serialVersionUID = "/* Could not access serialVersionUID */"
      VALUE = "/* Could not access VALUE */"
      value = "/* Could not access value */"
    blockAppStartingFutures = class java.util.Collections$SetFromMap@7b70606c
      m = "/* Could not access m */"
      s = "/* Could not access s */"
      serialVersionUID = "/* Could not access serialVersionUID */"
    waitingForAppHandlerFuture = class java.util.concurrent.atomic.AtomicReference@23afd009
      serialVersionUID = "/* Could not access serialVersionUID */"
      VALUE = "/* Could not access VALUE */"
      value = "/* Could not access value */"
    waitingForExplicitStartFuture = class java.util.concurrent.atomic.AtomicReference@2e634db
      serialVersionUID = "/* Could not access serialVersionUID */"
      VALUE = "/* Could not access VALUE */"
      value = "/* Could not access value */"
    startAfterFutures = class java.util.Collections$SetFromMap@78658e9a
      m = "/* Could not access m */"
      s = "/* Could not access s */"
      serialVersionUID = "/* Could not access serialVersionUID */"
    completionListener = class java.util.concurrent.atomic.AtomicReference@6ee2fa
      serialVersionUID = "/* Could not access serialVersionUID */"
      VALUE = "/* Could not access VALUE */"
      value = "/* Could not access value */"
    _notifyAppStopped = class java.util.concurrent.ConcurrentLinkedQueue@5d9c4566
      serialVersionUID = "/* Could not access serialVersionUID */"
      head = "/* Could not access head */"
      tail = "/* Could not access tail */"
      MAX_HOPS = "/* Could not access MAX_HOPS */"
      HEAD = "/* Could not access HEAD */"
      TAIL = "/* Could not access TAIL */"
      ITEM = "/* Could not access ITEM */"
      NEXT = "/* Could not access NEXT */"
    _notifyAppStarting = class java.util.concurrent.ConcurrentLinkedQueue@6eefe2e2
      serialVersionUID = "/* Could not access serialVersionUID */"
      head = "/* Could not access head */"
      tail = "/* Could not access tail */"
      MAX_HOPS = "/* Could not access MAX_HOPS */"
      HEAD = "/* Could not access HEAD */"
      TAIL = "/* Could not access TAIL */"
      ITEM = "/* Could not access ITEM */"
      NEXT = "/* Could not access NEXT */"
    _notifyAppInstallCalled = class java.util.concurrent.ConcurrentLinkedQueue@3a2aa0fb
      serialVersionUID = "/* Could not access serialVersionUID */"
      head = "/* Could not access head */"
      tail = "/* Could not access tail */"
      MAX_HOPS = "/* Could not access MAX_HOPS */"
      HEAD = "/* Could not access HEAD */"
      TAIL = "/* Could not access TAIL */"
      ITEM = "/* Could not access ITEM */"
      NEXT = "/* Could not access NEXT */"
    _notifyAppStarted = class java.util.concurrent.ConcurrentLinkedQueue@4da4fc76
      serialVersionUID = "/* Could not access serialVersionUID */"
      head = "/* Could not access head */"
      tail = "/* Could not access tail */"
      MAX_HOPS = "/* Could not access MAX_HOPS */"
      HEAD = "/* Could not access HEAD */"
      TAIL = "/* Could not access TAIL */"
      ITEM = "/* Could not access ITEM */"
      NEXT = "/* Could not access NEXT */"
    _notifyAppRemoved = class java.util.concurrent.ConcurrentLinkedQueue@72ac37d1
      serialVersionUID = "/* Could not access serialVersionUID */"
      head = "/* Could not access head */"
      tail = "/* Could not access tail */"
      MAX_HOPS = "/* Could not access MAX_HOPS */"
      HEAD = "/* Could not access HEAD */"
      TAIL = "/* Could not access TAIL */"
      ITEM = "/* Could not access ITEM */"
      NEXT = "/* Could not access NEXT */"
    _stateLock = class com.ibm.ws.app.manager.internal.statemachine.ApplicationStateMachineImpl$3@63452394
      this$0 = class com.ibm.ws.app.manager.internal.statemachine.ApplicationStateMachineImpl@7b939baf
      serialVersionUID = -2844785999478513305
      $$$tc$$$ = class com.ibm.websphere.ras.TraceComponent@7bb0a59a
    _internalState = class java.util.concurrent.atomic.AtomicReference@c876a7f
      serialVersionUID = "/* Could not access serialVersionUID */"
      VALUE = "/* Could not access VALUE */"
      value = "/* Could not access value */"
    _currentAction = class java.util.concurrent.atomic.AtomicReference@66aa60d5
      serialVersionUID = "/* Could not access serialVersionUID */"
      VALUE = "/* Could not access VALUE */"
      value = "/* Could not access value */"
    _rfa = class java.util.concurrent.atomic.AtomicReference@752bc16e
      serialVersionUID = "/* Could not access serialVersionUID */"
      VALUE = "/* Could not access VALUE */"
      value = "/* Could not access value */"
    _appInstallInfo = class java.util.concurrent.atomic.AtomicReference@3fb805dc
      serialVersionUID = "/* Could not access serialVersionUID */"
      VALUE = "/* Could not access VALUE */"
      value = "/* Could not access value */"
    _update = class java.util.concurrent.atomic.AtomicBoolean@85b44c6
      serialVersionUID = "/* Could not access serialVersionUID */"
      VALUE = "/* Could not access VALUE */"
      value = "/* Could not access value */"
    _appConfig = class java.util.concurrent.atomic.AtomicReference@3dc221d0
      serialVersionUID = "/* Could not access serialVersionUID */"
      VALUE = "/* Could not access VALUE */"
      value = "/* Could not access value */"
    _nextAppConfig = class java.util.concurrent.atomic.AtomicReference@1649b7b7
      serialVersionUID = "/* Could not access serialVersionUID */"
      VALUE = "/* Could not access VALUE */"
      value = "/* Could not access value */"
    _appContainer = class java.util.concurrent.atomic.AtomicReference@6920d647
      serialVersionUID = "/* Could not access serialVersionUID */"
      VALUE = "/* Could not access VALUE */"
      value = "/* Could not access value */"
    _resolvedLocation = class java.util.concurrent.atomic.AtomicReference@3b8fd2d1
      serialVersionUID = "/* Could not access serialVersionUID */"
      VALUE = "/* Could not access VALUE */"
      value = "/* Could not access value */"
    _handler = class java.util.concurrent.atomic.AtomicReference@176fa8d1
      serialVersionUID = "/* Could not access serialVersionUID */"
      VALUE = "/* Could not access VALUE */"
      value = "/* Could not access value */"
    _asmSeqNo = 0
    _ctx = class org.eclipse.osgi.internal.framework.BundleContextImpl@6e7ac87b
      valid = true
      bundle = class org.eclipse.osgi.internal.framework.EquinoxBundle@fe6771c
      container = class org.eclipse.osgi.internal.framework.EquinoxContainer@53382767
      debug = class org.eclipse.osgi.internal.debug.Debug@1a1bcac1
      servicesInUse = class java.util.HashMap@66617359
      activator = null
      contextLock = class java.lang.Object@ca26664
    _locAdmin = class com.ibm.ws.kernel.service.location.internal.WsLocationAdminImpl@3b2532dd
      tc = class com.ibm.websphere.ras.TraceComponent@72fb68e2
      LOC_INTERNAL_LIB_DIR = "wlp.lib.dir"
      LOC_INTERNAL_WORKAREA_DIR = "wlp.workarea.dir"
      LOC_AREA_NAME_APPS = "shared/apps/"
      LOC_AREA_NAME_CONFIG = "shared/config/"
      LOC_AREA_NAME_RESC = "shared/resources/"
      LOC_AREA_NAME_STATE = "logs/state/"
      LOC_AREA_NAME_SERVERS = "servers/"
      LOC_AREA_NAME_CLIENTS = "clients/"
      LOC_AREA_NAME_WORKING = "workarea/"
      LOC_AREA_NAME_LOGS = "logs/"
      LOC_AREA_NAME_EXTENSION = "extension/"
      instance = class com.ibm.ws.kernel.service.location.internal.WsLocationAdminImpl@3b2532dd
      installRoot = class com.ibm.ws.kernel.service.location.internal.SymbolicRootResource@55a9b74
      installParentRoot = class com.ibm.ws.kernel.service.location.internal.SymbolicRootResource@180c01e5
      userRoot = class com.ibm.ws.kernel.service.location.internal.SymbolicRootResource@548c1b7
      usrExtensionRoot = class com.ibm.ws.kernel.service.location.internal.SymbolicRootResource@2286cb24
      serverConfigDir = class com.ibm.ws.kernel.service.location.internal.SymbolicRootResource@7356653b
      serverOutputDir = class com.ibm.ws.kernel.service.location.internal.SymbolicRootResource@7356653b
      bootstrapLib = class com.ibm.ws.kernel.service.location.internal.LocalFileResource@b2d519d
      serverWorkarea = class com.ibm.ws.kernel.service.location.internal.LocalFileResource@482b7c36
      serverState = class com.ibm.ws.kernel.service.location.internal.LocalFileResource@5c6051fc
      sharedAppsRoot = class com.ibm.ws.kernel.service.location.internal.SymbolicRootResource@1c5f98f6
      sharedConfigRoot = class com.ibm.ws.kernel.service.location.internal.SymbolicRootResource@7d1f8359
      sharedResourceRoot = class com.ibm.ws.kernel.service.location.internal.SymbolicRootResource@6e469a00
      tmpRoot = class com.ibm.ws.kernel.service.location.internal.SymbolicRootResource@30f7c985
      serverName = "defaultServer"
      resourcePaths = class java.util.ArrayList@508f7f45
      resourceGroups = class java.util.HashMap@518b2b46
      commonRoot = class com.ibm.ws.kernel.service.location.internal.VirtualRootResource@b473ded
      serverCfgDirStr = "/usr/local/proyectos/PupaSv/target/liberty/wlp/usr/servers/defaultServer/"
      variableSourceDirs = "/usr/local/proyectos/PupaSv/target/liberty/wlp/usr/servers/defaultServer/variables/"
      serialVersionUID = 7963438175177362522
    _futureMonitor = class com.ibm.ws.threading.internal.FutureMonitorImpl@1a71a5ac
    _artifactFactory = class com.ibm.ws.artifact.internal.ArtifactContainerFactoryService@6a363ac2
      CATEGORY_PROP_NAME = "category"
      ENTRY_KEY = "com.ibm.wsspi.artifact.ArtifactEntry"
      helperMap = class com.ibm.wsspi.kernel.service.utils.ConcurrentServiceReferenceSetMap@5a06df1c
      contributorMap = class com.ibm.wsspi.kernel.service.utils.ConcurrentServiceReferenceSetMap@c65e928
      helperCategoryMap = class com.ibm.wsspi.kernel.service.utils.ConcurrentServiceReferenceSetMap@287c3b9f
      contributorCategoryMap = class com.ibm.wsspi.kernel.service.utils.ConcurrentServiceReferenceSetMap@1c8f8b5d
      categories = class java.util.Collections$SynchronizedSet@701d49ef
      baseProperties = class org.apache.felix.scr.impl.helper.ReadOnlyDictionary@5312c26d
      registration = class com.ibm.ws.kernel.service.util.ServiceRegistrationModifier@1a7bab53
      serialVersionUID = 6566424214406946230
      $$$tc$$$ = class com.ibm.websphere.ras.TraceComponent@388b26c0
    _moduleFactory = class com.ibm.ws.adaptable.module.internal.AdaptableModuleFactoryImpl@485c611f
      adapterFactoryService = class com.ibm.ws.adaptable.module.internal.AdapterFactoryServiceImpl@6e1de505
      containerFactory = class com.ibm.ws.artifact.internal.ArtifactContainerFactoryService@6a363ac2
      overlayContainerFactory = class com.ibm.ws.artifact.overlay.internal.OverlayContainerFactoryImpl@1e1165a
      serialVersionUID = 4200251809856292987
      $$$tc$$$ = class com.ibm.websphere.ras.TraceComponent@460f3c74
    _executorService = class com.ibm.ws.threading.internal.ExecutorServiceImpl@663e27c0
      tc = class com.ibm.websphere.ras.TraceComponent@702e46f1
      threadPool = class java.util.concurrent.ThreadPoolExecutor@4caaf419
      threadPoolController = class com.ibm.ws.threading.internal.ThreadPoolController@66b3cc54
      poolName = "Default Executor"
      MINIMUM_POOL_SIZE = 4
      MINIMUM_QUIESCE_TIMEOUT = 30
      quiesceTimeout = 30
      componentConfig = class org.apache.felix.scr.impl.helper.ReadOnlyDictionary@429f1e98
      interceptorsActive = false
      interceptors = class java.util.concurrent.CopyOnWriteArraySet@3bca0c96
      threadFactory = null
      serverStopping = false
      isBeta = false
      phaser = class java.util.concurrent.Phaser@52d3cd9d
      serialVersionUID = 4909002417577978905
    _scheduledExecutorService = class com.ibm.ws.threading.internal.ScheduledExecutorImpl@27c8a1d
      threadGroupName = "Scheduled Executor Thread Group"
      executor = class com.ibm.ws.threading.internal.ExecutorServiceImpl@663e27c0
      serialVersionUID = -9110693807503469597
      $$$tc$$$ = class com.ibm.websphere.ras.TraceComponent@43768ae4
      continueExistingPeriodicTasksAfterShutdown = "/* Could not access continueExistingPeriodicTasksAfterShutdown */"
      executeExistingDelayedTasksAfterShutdown = "/* Could not access executeExistingDelayedTasksAfterShutdown */"
      removeOnCancel = "/* Could not access removeOnCancel */"
      sequencer = "/* Could not access sequencer */"
      DEFAULT_KEEPALIVE_MILLIS = "/* Could not access DEFAULT_KEEPALIVE_MILLIS */"
      ctl = "/* Could not access ctl */"
      COUNT_BITS = "/* Could not access COUNT_BITS */"
      COUNT_MASK = "/* Could not access COUNT_MASK */"
      RUNNING = "/* Could not access RUNNING */"
      SHUTDOWN = "/* Could not access SHUTDOWN */"
      STOP = "/* Could not access STOP */"
      TIDYING = "/* Could not access TIDYING */"
      TERMINATED = "/* Could not access TERMINATED */"
      workQueue = "/* Could not access workQueue */"
      mainLock = "/* Could not access mainLock */"
      workers = "/* Could not access workers */"
      termination = "/* Could not access termination */"
      container = "/* Could not access container */"
      largestPoolSize = "/* Could not access largestPoolSize */"
      completedTaskCount = "/* Could not access completedTaskCount */"
      threadFactory = "/* Could not access threadFactory */"
      handler = "/* Could not access handler */"
      keepAliveTime = "/* Could not access keepAliveTime */"
      allowCoreThreadTimeOut = "/* Could not access allowCoreThreadTimeOut */"
      corePoolSize = "/* Could not access corePoolSize */"
      maximumPoolSize = "/* Could not access maximumPoolSize */"
      defaultHandler = "/* Could not access defaultHandler */"
      shutdownPerm = "/* Could not access shutdownPerm */"
      ONLY_ONE = "/* Could not access ONLY_ONE */"
      $assertionsDisabled = "/* Could not access $assertionsDisabled */"
    _asmHelper = class com.ibm.ws.app.manager.internal.ApplicationConfigurator$NamedApplication@49c4acfb
      appName = "PupaSv-1.0-SNAPSHOT"
      configPid = "com.ibm.ws.app.manager_0"
      bundleContext = class org.eclipse.osgi.internal.framework.BundleContextImpl@6e7ac87b
      mbeanNotifier = class javax.management.NotificationBroadcasterSupport@364e909
      sequence = class java.util.concurrent.atomic.AtomicLong@2a7a7aff
      appConfig = class com.ibm.ws.app.manager.internal.ApplicationConfig@1951fa41
      asm = class com.ibm.ws.app.manager.internal.statemachine.ApplicationStateMachineImpl@7b939baf
      appTypeSupport = class com.ibm.ws.app.manager.internal.ApplicationConfigurator$ApplicationTypeSupport@10abcaf6
      appRecycleContext = null
      appStateRef = class java.util.concurrent.atomic.AtomicReference@371d4f1c
      appReg = class com.ibm.ws.app.manager.internal.lifecycle.ServiceReg@4e496682
      mbeanReg = class com.ibm.ws.app.manager.internal.lifecycle.ServiceReg@7bf9c7
      dynamicMBean = class java.util.concurrent.atomic.AtomicReference@dce4383
      serialVersionUID = -2429219244222002679
      $$$tc$$$ = class com.ibm.websphere.ras.TraceComponent@4e87f1d0
    _appMonitor = class com.ibm.ws.app.manager.internal.monitor.ApplicationMonitor@4c404184
      tc = class com.ibm.websphere.ras.TraceComponent@69cf3bb4
      _config = class java.util.concurrent.atomic.AtomicReference@42a04a15
      _executorService = class java.util.concurrent.atomic.AtomicReference@87246f8
      _appListeners = class java.util.concurrent.ConcurrentHashMap@65641714
      serialVersionUID = -6677716415972806660
    _configurator = class com.ibm.ws.app.manager.internal.ApplicationConfigurator@681e3e57
      _tc = class com.ibm.websphere.ras.TraceComponent@7d802c54
      _appFromName = class java.util.HashMap@7aeacc9a
      _appFromPid = class java.util.HashMap@3a5ad130
      _appsToShutdown = null
      _blockedConfigFromPid = class java.util.HashMap@20051505
      _blockedPidsFromName = class java.util.HashMap@659c7aa6
      _startAfterDependencies = class java.util.HashMap@493ee493
      reportedCycles = class java.util.HashSet@25016fd5
      _appTypeSupport = class java.util.HashMap@2da4eb4d
      _ctx = class org.eclipse.osgi.internal.framework.BundleContextImpl@6e7ac87b
      _appManagerRARSupportDependency = class com.ibm.ws.app.manager.internal.ApplicationDependency@2b6bfd15
      _appManagerReadyDependency = class com.ibm.ws.app.manager.internal.ApplicationDependency@15cf9e97
      _currentEpisode = null
      _appRecycleMap = class java.util.HashMap@3b1e343c
      _configAdmin = class com.ibm.ws.config.admin.internal.ConfigurationAdminImpl@316a4e91
      _locAdmin = class com.ibm.ws.kernel.service.location.internal.WsLocationAdminImpl@3b2532dd
      _futureMonitor = class com.ibm.ws.threading.internal.FutureMonitorImpl@1a71a5ac
      _runtimeUpdateManager = class com.ibm.ws.runtime.update.internal.RuntimeUpdateManagerImpl@459d8efc
      _artifactFactory = class com.ibm.ws.artifact.internal.ArtifactContainerFactoryService@6a363ac2
      _moduleFactory = class com.ibm.ws.adaptable.module.internal.AdaptableModuleFactoryImpl@485c611f
      _executor = class com.ibm.ws.threading.internal.ExecutorServiceImpl@663e27c0
      _scheduledExecutor = class com.ibm.ws.threading.internal.ScheduledExecutorImpl@27c8a1d
      _appMonitorConfigurator = class com.ibm.ws.app.manager.internal.monitor.AppMonitorConfigurator@2c4f8bfe
      _applicationManager = class com.ibm.ws.app.manager.ApplicationManager@2cef8b31
      _checkpointPhase = class io.openliberty.checkpoint.spi.CheckpointPhase@663ae59f
      _restoreMessages = class java.util.concurrent.CopyOnWriteArrayList@5c7210f
      SIMPLE_INITIAL_UPDATE_NOTIFICATIONS = class java.util.Arrays$ArrayList@2c04a525
      serialVersionUID = -7226738620475991472
    enterStateCalled = class java.util.concurrent.atomic.AtomicBoolean@23bd34a5
      serialVersionUID = "/* Could not access serialVersionUID */"
      VALUE = "/* Could not access VALUE */"
      value = "/* Could not access value */"
    serialVersionUID = -6475068840410943645
    serialVersionUID = 612087896849635075
    $$$tc$$$ = class com.ibm.websphere.ras.TraceComponent@184cb694
      strings[0] = "TraceComponent[com.ibm.ws.app.manager.internal.statemachine.ApplicationStateMachine,class com.ibm.ws.app.manager.internal.statemachine.ApplicationStateMachine,[applications, app.manager],com.ibm.ws.app.manager.internal.resources.AppManagerMessages,null]"
  serialVersionUID = 2630639237123415755
  $$$tc$$$ = class com.ibm.websphere.ras.TraceComponent@267a5255
    strings[0] = "TraceComponent[com.ibm.ws.app.manager.internal.ApplicationInstallInfo,class com.ibm.ws.app.manager.internal.ApplicationInstallInfo,[applications, app.manager],com.ibm.ws.app.manager.internal.resources.AppManagerMessages,null]"

