------Start of DE processing------ = [13/3/25, 15:59:03:833 CST]
Exception = java.lang.IllegalStateException
Source = com.ibm.ws.app.manager.internal.statemachine.StartAction
probeid = 205
Stack Dump = java.lang.IllegalStateException: com.ibm.wsspi.adaptable.module.UnableToAdaptException: com.ibm.ws.javaee.ddmodel.DDParser$ParseException: CWWKC2263E: El descriptor de despliegue webapp : WEB-INF/web.xml de la línea 5 especifica la versión 60, que es superior a la versión 31 suministrada actualmente.
	at com.ibm.ws.app.manager.war.internal.WARApplicationHandlerImpl.setUpApplicationMonitoring(WARApplicationHandlerImpl.java:54)
	at com.ibm.ws.app.manager.internal.statemachine.StartAction.execute(StartAction.java:194)
	at com.ibm.ws.app.manager.internal.statemachine.ApplicationStateMachineImpl.enterState(ApplicationStateMachineImpl.java:1369)
	at com.ibm.ws.app.manager.internal.statemachine.ApplicationStateMachineImpl.run(ApplicationStateMachineImpl.java:912)
	at com.ibm.ws.threading.internal.ExecutorServiceImpl$RunnableWrapper.run(ExecutorServiceImpl.java:298)
	at java.base/java.util.concurrent.ThreadPoolExecutor.runWorker(ThreadPoolExecutor.java:1144)
	at java.base/java.util.concurrent.ThreadPoolExecutor$Worker.run(ThreadPoolExecutor.java:642)
	at java.base/java.lang.Thread.run(Thread.java:1583)
Caused by: com.ibm.wsspi.adaptable.module.UnableToAdaptException: com.ibm.ws.javaee.ddmodel.DDParser$ParseException: CWWKC2263E: El descriptor de despliegue webapp : WEB-INF/web.xml de la línea 5 especifica la versión 60, que es superior a la versión 31 suministrada actualmente.
	at com.ibm.ws.javaee.ddmodel.web.WebAppEntryAdapter.adapt(WebAppEntryAdapter.java:63)
	at com.ibm.ws.javaee.ddmodel.web.WebAppEntryAdapter.adapt(WebAppEntryAdapter.java:28)
	at com.ibm.ws.adaptable.module.internal.AdapterFactoryServiceImpl.adapt(AdapterFactoryServiceImpl.java:233)
	at com.ibm.ws.adaptable.module.internal.AdaptableEntryImpl.adapt(AdaptableEntryImpl.java:123)
	at com.ibm.ws.javaee.ddmodel.web.WebAppAdapter.adapt(WebAppAdapter.java:40)
	at com.ibm.ws.javaee.ddmodel.web.WebAppAdapter.adapt(WebAppAdapter.java:26)
	at com.ibm.ws.adaptable.module.internal.AdapterFactoryServiceImpl.adapt(AdapterFactoryServiceImpl.java:202)
	at com.ibm.ws.adaptable.module.internal.AdaptableContainerImpl.adapt(AdaptableContainerImpl.java:176)
	at com.ibm.ws.app.manager.module.internal.SimpleDeployedAppInfoBase$ModuleContainerInfoBase.<init>(SimpleDeployedAppInfoBase.java:182)
	at com.ibm.ws.app.manager.module.internal.SimpleDeployedAppInfoBase$WebModuleContainerInfo.<init>(SimpleDeployedAppInfoBase.java:428)
	at com.ibm.ws.app.manager.module.internal.SimpleDeployedAppInfoBase$WebModuleContainerInfo.<init>(SimpleDeployedAppInfoBase.java:418)
	at com.ibm.ws.app.manager.war.internal.WARDeployedAppInfo.<init>(WARDeployedAppInfo.java:67)
	at com.ibm.ws.app.manager.war.internal.WARDeployedAppInfoFactoryImpl.createDeployedAppInfo(WARDeployedAppInfoFactoryImpl.java:170)
	at com.ibm.ws.app.manager.war.internal.WARDeployedAppInfoFactoryImpl.createDeployedAppInfo(WARDeployedAppInfoFactoryImpl.java:37)
	at com.ibm.ws.app.manager.war.internal.WARApplicationHandlerImpl.setUpApplicationMonitoring(WARApplicationHandlerImpl.java:52)
	... 7 more
Caused by: com.ibm.ws.javaee.ddmodel.DDParser$ParseException: CWWKC2263E: El descriptor de despliegue webapp : WEB-INF/web.xml de la línea 5 especifica la versión 60, que es superior a la versión 31 suministrada actualmente.
	at com.ibm.ws.javaee.ddmodel.DDParserSpec.createRootParsable(DDParserSpec.java:122)
	at com.ibm.ws.javaee.ddmodel.DDParser.parseRootElement(DDParser.java:932)
	at com.ibm.ws.javaee.ddmodel.DDParser.parse(DDParser.java:911)
	at com.ibm.ws.javaee.ddmodel.web.WebAppDDParser.parse(WebAppDDParser.java:68)
	at com.ibm.ws.javaee.ddmodel.web.WebAppEntryAdapter.adapt(WebAppEntryAdapter.java:61)
	... 21 more

Dump of callerThis
Object type = com.ibm.ws.app.manager.internal.statemachine.StartAction
  _tc = class com.ibm.websphere.ras.TraceComponent@733ed587
    strings[0] = "TraceComponent[com.ibm.ws.app.manager.internal.statemachine.StartAction,class com.ibm.ws.app.manager.internal.statemachine.StartAction,[applications, app.manager],com.ibm.ws.app.manager.internal.resources.AppManagerMessages,null]"
  _config = class com.ibm.ws.app.manager.internal.ApplicationConfig@5fdf4221
    tc = class com.ibm.websphere.ras.TraceComponent@4f2bd269
      strings[0] = "TraceComponent[com.ibm.ws.app.manager.internal.ApplicationConfig,class com.ibm.ws.app.manager.internal.ApplicationConfig,[applications, app.manager],com.ibm.ws.app.manager.internal.resources.AppManagerMessages,null]"
    _configPid = "com.ibm.ws.app.manager_0"
    _config = class com.ibm.ws.config.admin.ConfigurationDictionary@11a89b7d
      serialVersionUID = 7966152868712543805
      simpleTypes = class java.util.Arrays$ArrayList@1a1d2071
      primitiveArrayTypes = class java.util.Arrays$ArrayList@5c23ea2b
      simpleArrayTypes = class java.util.Arrays$ArrayList@17c2fdf1
      extendedTypes = class java.util.Arrays$ArrayList@39c41da6
      CASE_INSENSITIVE = class com.ibm.ws.config.admin.ConfigurationDictionary$CaseInsensitive@4aa9ac47
      properties = class java.util.Collections$SynchronizedMap@998658b
    _applicationManager = class com.ibm.ws.app.manager.ApplicationManager@3494f56b
    _location = "/usr/local/proyectos/PupaSv/target/liberty/wlp/usr/servers/defaultServer/dropins/PupaSv-1.0-SNAPSHOT.war"
    _type = "war"
    _name = "PupaSv-1.0-SNAPSHOT"
    _notificationBroadcasterSupport = class javax.management.NotificationBroadcasterSupport@6f4081a2
      listenerList = "/* Could not access listenerList */"
      executor = "/* Could not access executor */"
      notifInfo = "/* Could not access notifInfo */"
      defaultExecutor = "/* Could not access defaultExecutor */"
      NO_NOTIFICATION_INFO = "/* Could not access NO_NOTIFICATION_INFO */"
      logger = "/* Could not access logger */"
    ONE_TIME_JANDEX_MSGS_DISPLAYED = true
    serialVersionUID = -2151423388299667431
  _aii = class com.ibm.ws.app.manager.internal.ApplicationInstallInfo@3974251
    _config = class com.ibm.ws.app.manager.internal.ApplicationConfig@5fdf4221
    _handlerInfo = class java.util.concurrent.atomic.AtomicReference@13ff2d51
      serialVersionUID = "/* Could not access serialVersionUID */"
      VALUE = "/* Could not access VALUE */"
      value = "/* Could not access value */"
    _container = class java.util.concurrent.atomic.AtomicReference@527c3186
      serialVersionUID = "/* Could not access serialVersionUID */"
      VALUE = "/* Could not access VALUE */"
      value = "/* Could not access value */"
    _resolvedLocation = class java.util.concurrent.atomic.AtomicReference@6bc06452
      serialVersionUID = "/* Could not access serialVersionUID */"
      VALUE = "/* Could not access VALUE */"
      value = "/* Could not access value */"
    _handler = class com.ibm.ws.app.manager.war.internal.WARApplicationHandlerImpl@60f49079
      futureMonitor = class com.ibm.ws.threading.internal.FutureMonitorImpl@4726e470
      deployedAppFactory = class com.ibm.ws.app.manager.war.internal.WARDeployedAppInfoFactoryImpl@56eb704f
      serialVersionUID = 4622845147410944782
      $$$tc$$$ = class com.ibm.websphere.ras.TraceComponent@1d86be1c
    _ami = class java.util.concurrent.atomic.AtomicReference@4e2bfd41
      serialVersionUID = "/* Could not access serialVersionUID */"
      VALUE = "/* Could not access VALUE */"
      value = "/* Could not access value */"
    _updateHandler = class com.ibm.ws.app.manager.internal.statemachine.ApplicationStateMachineImpl@2454d470
      _tc = class com.ibm.websphere.ras.TraceComponent@48c4dd22
      EMPTY_FUTURE_ARRAY = interface java.util.concurrent.Future[0]
      asmSequenceNumber = class java.util.concurrent.atomic.AtomicLong@7f9d3529
      _qscaCounter = class java.util.concurrent.atomic.AtomicInteger@6ecd1e6e
      _failedThrowable = null
      _interruptibleLock = class com.ibm.ws.app.manager.internal.statemachine.ApplicationStateMachineImpl$2@6cb8b093
      _interruptible = false
      _performingQueuedActions = true
      _queuedActions = class java.util.concurrent.ConcurrentLinkedQueue@428af8b0
      _callbackState = class java.util.concurrent.atomic.AtomicReference@54a8b9b5
      blockAppStartingFutures = class java.util.Collections$SetFromMap@5290e320
      waitingForAppHandlerFuture = class java.util.concurrent.atomic.AtomicReference@7b85fdc9
      waitingForExplicitStartFuture = class java.util.concurrent.atomic.AtomicReference@6edfc571
      startAfterFutures = class java.util.Collections$SetFromMap@7fabbc0e
      completionListener = class java.util.concurrent.atomic.AtomicReference@2af7d938
      _notifyAppStopped = class java.util.concurrent.ConcurrentLinkedQueue@7ec8121a
      _notifyAppStarting = class java.util.concurrent.ConcurrentLinkedQueue@6eacb4ff
      _notifyAppInstallCalled = class java.util.concurrent.ConcurrentLinkedQueue@4cc53ee8
      _notifyAppStarted = class java.util.concurrent.ConcurrentLinkedQueue@58ef1051
      _notifyAppRemoved = class java.util.concurrent.ConcurrentLinkedQueue@66098194
      _stateLock = class com.ibm.ws.app.manager.internal.statemachine.ApplicationStateMachineImpl$3@6d09dae6
      _internalState = class java.util.concurrent.atomic.AtomicReference@85e8bd1
      _currentAction = class java.util.concurrent.atomic.AtomicReference@28136f13
      _rfa = class java.util.concurrent.atomic.AtomicReference@2bc5ea4
      _appInstallInfo = class java.util.concurrent.atomic.AtomicReference@21c16aff
      _update = class java.util.concurrent.atomic.AtomicBoolean@5dbd7d15
      _appConfig = class java.util.concurrent.atomic.AtomicReference@6ee5fa46
      _nextAppConfig = class java.util.concurrent.atomic.AtomicReference@e4cd040
      _appContainer = class java.util.concurrent.atomic.AtomicReference@2470d5e4
      _resolvedLocation = class java.util.concurrent.atomic.AtomicReference@121341aa
      _handler = class java.util.concurrent.atomic.AtomicReference@53e5ae64
      _asmSeqNo = 0
      _ctx = class org.eclipse.osgi.internal.framework.BundleContextImpl@6a590e43
      _locAdmin = class com.ibm.ws.kernel.service.location.internal.WsLocationAdminImpl@2015699b
      _futureMonitor = class com.ibm.ws.threading.internal.FutureMonitorImpl@4726e470
      _artifactFactory = class com.ibm.ws.artifact.internal.ArtifactContainerFactoryService@5dd3b76e
      _moduleFactory = class com.ibm.ws.adaptable.module.internal.AdaptableModuleFactoryImpl@46931296
      _executorService = class com.ibm.ws.threading.internal.ExecutorServiceImpl@7f2e3c36
      _scheduledExecutorService = class com.ibm.ws.threading.internal.ScheduledExecutorImpl@2f9e5a4b
      _asmHelper = class com.ibm.ws.app.manager.internal.ApplicationConfigurator$NamedApplication@2085caeb
      _appMonitor = class com.ibm.ws.app.manager.internal.monitor.ApplicationMonitor@3b43ba88
      _configurator = class com.ibm.ws.app.manager.internal.ApplicationConfigurator@5bcb8cf7
      enterStateCalled = class java.util.concurrent.atomic.AtomicBoolean@19be97f1
      serialVersionUID = -6475068840410943645
      serialVersionUID = 612087896849635075
      $$$tc$$$ = class com.ibm.websphere.ras.TraceComponent@5c0345de
    serialVersionUID = 2630639237123415755
    $$$tc$$$ = class com.ibm.websphere.ras.TraceComponent@2ace335e
      strings[0] = "TraceComponent[com.ibm.ws.app.manager.internal.ApplicationInstallInfo,class com.ibm.ws.app.manager.internal.ApplicationInstallInfo,[applications, app.manager],com.ibm.ws.app.manager.internal.resources.AppManagerMessages,null]"
  _callback = class java.util.concurrent.atomic.AtomicReference@7abdb9e1
    serialVersionUID = "/* Could not access serialVersionUID */"
    VALUE = "/* Could not access VALUE */"
    value = "/* Could not access value */"
  _monitor = class com.ibm.ws.threading.internal.FutureMonitorImpl@4726e470
    _monitor = class java.util.concurrent.ConcurrentLinkedQueue@39f082be
      serialVersionUID = "/* Could not access serialVersionUID */"
      head = "/* Could not access head */"
      tail = "/* Could not access tail */"
      MAX_HOPS = "/* Could not access MAX_HOPS */"
      HEAD = "/* Could not access HEAD */"
      TAIL = "/* Could not access TAIL */"
      ITEM = "/* Could not access ITEM */"
      NEXT = "/* Could not access NEXT */"
    _executor = class com.ibm.ws.threading.internal.DeferrableScheduledExecutorImpl@2ca92a2b
      PERIOD_MILLISECONDS = 15000
      executor = class com.ibm.ws.threading.internal.ScheduledExecutorImpl@2f9e5a4b
      serialVersionUID = 4761900424000004220
      $$$tc$$$ = class com.ibm.websphere.ras.TraceComponent@7f3b0d98
    _threadRunning = class java.util.concurrent.atomic.AtomicBoolean@6467ad49
      serialVersionUID = "/* Could not access serialVersionUID */"
      VALUE = "/* Could not access VALUE */"
      value = "/* Could not access value */"
    _thread = class com.ibm.ws.threading.internal.FutureMonitorImpl$1@774b3303
      this$0 = class com.ibm.ws.threading.internal.FutureMonitorImpl@4726e470
      serialVersionUID = 2422512430832938099
      $$$tc$$$ = class com.ibm.websphere.ras.TraceComponent@6456cf03
    serialVersionUID = 2765238413969174390
    $$$tc$$$ = class com.ibm.websphere.ras.TraceComponent@579f2a94
      strings[0] = "TraceComponent[com.ibm.ws.threading.internal.FutureMonitorImpl,class com.ibm.ws.threading.internal.FutureMonitorImpl,[Threading],com.ibm.ws.threading.internal.resources.ThreadingMessages,null]"
  _startTime = class java.util.concurrent.atomic.AtomicLong@20da5f99
    serialVersionUID = "/* Could not access serialVersionUID */"
    VM_SUPPORTS_LONG_CAS = "/* Could not access VM_SUPPORTS_LONG_CAS */"
    U = "/* Could not access U */"
    VALUE = "/* Could not access VALUE */"
    value = "/* Could not access value */"
    serialVersionUID = "/* Could not access serialVersionUID */"
  _appMonitor = class com.ibm.ws.app.manager.internal.monitor.ApplicationMonitor@3b43ba88
    tc = class com.ibm.websphere.ras.TraceComponent@6fa3c843
      strings[0] = "TraceComponent[com.ibm.ws.app.manager.internal.monitor.ApplicationMonitor,class com.ibm.ws.app.manager.internal.monitor.ApplicationMonitor,[applications, app.manager],com.ibm.ws.app.manager.internal.resources.AppManagerMessages,null]"
    _config = class java.util.concurrent.atomic.AtomicReference@49f1e138
      serialVersionUID = "/* Could not access serialVersionUID */"
      VALUE = "/* Could not access VALUE */"
      value = "/* Could not access value */"
    _executorService = class java.util.concurrent.atomic.AtomicReference@241df6e8
      serialVersionUID = "/* Could not access serialVersionUID */"
      VALUE = "/* Could not access VALUE */"
      value = "/* Could not access value */"
    _appListeners = class java.util.concurrent.ConcurrentHashMap@713be265
      serialVersionUID = "/* Could not access serialVersionUID */"
      MAXIMUM_CAPACITY = "/* Could not access MAXIMUM_CAPACITY */"
      DEFAULT_CAPACITY = "/* Could not access DEFAULT_CAPACITY */"
      MAX_ARRAY_SIZE = "/* Could not access MAX_ARRAY_SIZE */"
      DEFAULT_CONCURRENCY_LEVEL = "/* Could not access DEFAULT_CONCURRENCY_LEVEL */"
      LOAD_FACTOR = "/* Could not access LOAD_FACTOR */"
      TREEIFY_THRESHOLD = "/* Could not access TREEIFY_THRESHOLD */"
      UNTREEIFY_THRESHOLD = "/* Could not access UNTREEIFY_THRESHOLD */"
      MIN_TREEIFY_CAPACITY = "/* Could not access MIN_TREEIFY_CAPACITY */"
      MIN_TRANSFER_STRIDE = "/* Could not access MIN_TRANSFER_STRIDE */"
      RESIZE_STAMP_BITS = "/* Could not access RESIZE_STAMP_BITS */"
      MAX_RESIZERS = "/* Could not access MAX_RESIZERS */"
      RESIZE_STAMP_SHIFT = "/* Could not access RESIZE_STAMP_SHIFT */"
      MOVED = "/* Could not access MOVED */"
      TREEBIN = "/* Could not access TREEBIN */"
      RESERVED = "/* Could not access RESERVED */"
      HASH_BITS = "/* Could not access HASH_BITS */"
      NCPU = "/* Could not access NCPU */"
      serialPersistentFields = "/* Could not access serialPersistentFields */"
      table = "/* Could not access table */"
      nextTable = "/* Could not access nextTable */"
      baseCount = "/* Could not access baseCount */"
      sizeCtl = "/* Could not access sizeCtl */"
      transferIndex = "/* Could not access transferIndex */"
      cellsBusy = "/* Could not access cellsBusy */"
      counterCells = "/* Could not access counterCells */"
      keySet = "/* Could not access keySet */"
      values = "/* Could not access values */"
      entrySet = "/* Could not access entrySet */"
      U = "/* Could not access U */"
      SIZECTL = "/* Could not access SIZECTL */"
      TRANSFERINDEX = "/* Could not access TRANSFERINDEX */"
      BASECOUNT = "/* Could not access BASECOUNT */"
      CELLSBUSY = "/* Could not access CELLSBUSY */"
      CELLVALUE = "/* Could not access CELLVALUE */"
      ABASE = "/* Could not access ABASE */"
      ASHIFT = "/* Could not access ASHIFT */"
      keySet = "/* Could not access keySet */"
      values = "/* Could not access values */"
    serialVersionUID = -6677716415972806660
  _update = false
  cancelled = false
  _slowMessageAction = class java.util.concurrent.atomic.AtomicReference@78dd3ebf
    serialVersionUID = "/* Could not access serialVersionUID */"
    VALUE = "/* Could not access VALUE */"
    value = "/* Could not access value */"
  _configurator = class com.ibm.ws.app.manager.internal.ApplicationConfigurator@5bcb8cf7
    _tc = class com.ibm.websphere.ras.TraceComponent@30ce14ff
      strings[0] = "TraceComponent[com.ibm.ws.app.manager.internal.ApplicationConfigurator,class com.ibm.ws.app.manager.internal.ApplicationConfigurator,[applications, app.manager],com.ibm.ws.app.manager.internal.resources.AppManagerMessages,null]"
    _appFromName = class java.util.HashMap@3bbf0291
      serialVersionUID = "/* Could not access serialVersionUID */"
      DEFAULT_INITIAL_CAPACITY = "/* Could not access DEFAULT_INITIAL_CAPACITY */"
      MAXIMUM_CAPACITY = "/* Could not access MAXIMUM_CAPACITY */"
      DEFAULT_LOAD_FACTOR = "/* Could not access DEFAULT_LOAD_FACTOR */"
      TREEIFY_THRESHOLD = "/* Could not access TREEIFY_THRESHOLD */"
      UNTREEIFY_THRESHOLD = "/* Could not access UNTREEIFY_THRESHOLD */"
      MIN_TREEIFY_CAPACITY = "/* Could not access MIN_TREEIFY_CAPACITY */"
      table = "/* Could not access table */"
      entrySet = "/* Could not access entrySet */"
      size = "/* Could not access size */"
      modCount = "/* Could not access modCount */"
      threshold = "/* Could not access threshold */"
      loadFactor = "/* Could not access loadFactor */"
      keySet = "/* Could not access keySet */"
      values = "/* Could not access values */"
    _appFromPid = class java.util.HashMap@5d3950d5
      serialVersionUID = "/* Could not access serialVersionUID */"
      DEFAULT_INITIAL_CAPACITY = "/* Could not access DEFAULT_INITIAL_CAPACITY */"
      MAXIMUM_CAPACITY = "/* Could not access MAXIMUM_CAPACITY */"
      DEFAULT_LOAD_FACTOR = "/* Could not access DEFAULT_LOAD_FACTOR */"
      TREEIFY_THRESHOLD = "/* Could not access TREEIFY_THRESHOLD */"
      UNTREEIFY_THRESHOLD = "/* Could not access UNTREEIFY_THRESHOLD */"
      MIN_TREEIFY_CAPACITY = "/* Could not access MIN_TREEIFY_CAPACITY */"
      table = "/* Could not access table */"
      entrySet = "/* Could not access entrySet */"
      size = "/* Could not access size */"
      modCount = "/* Could not access modCount */"
      threshold = "/* Could not access threshold */"
      loadFactor = "/* Could not access loadFactor */"
      keySet = "/* Could not access keySet */"
      values = "/* Could not access values */"
    _appsToShutdown = null
    _blockedConfigFromPid = class java.util.HashMap@17a907e1
      serialVersionUID = "/* Could not access serialVersionUID */"
      DEFAULT_INITIAL_CAPACITY = "/* Could not access DEFAULT_INITIAL_CAPACITY */"
      MAXIMUM_CAPACITY = "/* Could not access MAXIMUM_CAPACITY */"
      DEFAULT_LOAD_FACTOR = "/* Could not access DEFAULT_LOAD_FACTOR */"
      TREEIFY_THRESHOLD = "/* Could not access TREEIFY_THRESHOLD */"
      UNTREEIFY_THRESHOLD = "/* Could not access UNTREEIFY_THRESHOLD */"
      MIN_TREEIFY_CAPACITY = "/* Could not access MIN_TREEIFY_CAPACITY */"
      table = "/* Could not access table */"
      entrySet = "/* Could not access entrySet */"
      size = "/* Could not access size */"
      modCount = "/* Could not access modCount */"
      threshold = "/* Could not access threshold */"
      loadFactor = "/* Could not access loadFactor */"
      keySet = "/* Could not access keySet */"
      values = "/* Could not access values */"
    _blockedPidsFromName = class java.util.HashMap@2f54b12c
      serialVersionUID = "/* Could not access serialVersionUID */"
      DEFAULT_INITIAL_CAPACITY = "/* Could not access DEFAULT_INITIAL_CAPACITY */"
      MAXIMUM_CAPACITY = "/* Could not access MAXIMUM_CAPACITY */"
      DEFAULT_LOAD_FACTOR = "/* Could not access DEFAULT_LOAD_FACTOR */"
      TREEIFY_THRESHOLD = "/* Could not access TREEIFY_THRESHOLD */"
      UNTREEIFY_THRESHOLD = "/* Could not access UNTREEIFY_THRESHOLD */"
      MIN_TREEIFY_CAPACITY = "/* Could not access MIN_TREEIFY_CAPACITY */"
      table = "/* Could not access table */"
      entrySet = "/* Could not access entrySet */"
      size = "/* Could not access size */"
      modCount = "/* Could not access modCount */"
      threshold = "/* Could not access threshold */"
      loadFactor = "/* Could not access loadFactor */"
      keySet = "/* Could not access keySet */"
      values = "/* Could not access values */"
    _startAfterDependencies = class java.util.HashMap@6cbc85dd
      serialVersionUID = "/* Could not access serialVersionUID */"
      DEFAULT_INITIAL_CAPACITY = "/* Could not access DEFAULT_INITIAL_CAPACITY */"
      MAXIMUM_CAPACITY = "/* Could not access MAXIMUM_CAPACITY */"
      DEFAULT_LOAD_FACTOR = "/* Could not access DEFAULT_LOAD_FACTOR */"
      TREEIFY_THRESHOLD = "/* Could not access TREEIFY_THRESHOLD */"
      UNTREEIFY_THRESHOLD = "/* Could not access UNTREEIFY_THRESHOLD */"
      MIN_TREEIFY_CAPACITY = "/* Could not access MIN_TREEIFY_CAPACITY */"
      table = "/* Could not access table */"
      entrySet = "/* Could not access entrySet */"
      size = "/* Could not access size */"
      modCount = "/* Could not access modCount */"
      threshold = "/* Could not access threshold */"
      loadFactor = "/* Could not access loadFactor */"
      keySet = "/* Could not access keySet */"
      values = "/* Could not access values */"
    reportedCycles = class java.util.HashSet@7b94df67
      serialVersionUID = "/* Could not access serialVersionUID */"
      map = "/* Could not access map */"
      PRESENT = "/* Could not access PRESENT */"
    _appTypeSupport = class java.util.HashMap@24dd49fb
      serialVersionUID = "/* Could not access serialVersionUID */"
      DEFAULT_INITIAL_CAPACITY = "/* Could not access DEFAULT_INITIAL_CAPACITY */"
      MAXIMUM_CAPACITY = "/* Could not access MAXIMUM_CAPACITY */"
      DEFAULT_LOAD_FACTOR = "/* Could not access DEFAULT_LOAD_FACTOR */"
      TREEIFY_THRESHOLD = "/* Could not access TREEIFY_THRESHOLD */"
      UNTREEIFY_THRESHOLD = "/* Could not access UNTREEIFY_THRESHOLD */"
      MIN_TREEIFY_CAPACITY = "/* Could not access MIN_TREEIFY_CAPACITY */"
      table = "/* Could not access table */"
      entrySet = "/* Could not access entrySet */"
      size = "/* Could not access size */"
      modCount = "/* Could not access modCount */"
      threshold = "/* Could not access threshold */"
      loadFactor = "/* Could not access loadFactor */"
      keySet = "/* Could not access keySet */"
      values = "/* Could not access values */"
    _ctx = class org.eclipse.osgi.internal.framework.BundleContextImpl@6a590e43
      valid = true
      bundle = class org.eclipse.osgi.internal.framework.EquinoxBundle@7badd33d
      container = class org.eclipse.osgi.internal.framework.EquinoxContainer@5cc24933
      debug = class org.eclipse.osgi.internal.debug.Debug@51993a1c
      servicesInUse = class java.util.HashMap@7dc37c5b
      activator = null
      contextLock = class java.lang.Object@44b30b53
    _appManagerRARSupportDependency = class com.ibm.ws.app.manager.internal.ApplicationDependency@2e0a519d
      futureMonitor = class com.ibm.ws.threading.internal.FutureMonitorImpl@4726e470
      future = class com.ibm.ws.threading.internal.NonCancelableResultFuture@6b186b4
      desc = "resolves when either support for type=rar applications is registered or we are ready for apps to start"
      seqNo = 0
      _appDepCounter = class java.util.concurrent.atomic.AtomicInteger@2eecb4a4
    _appManagerReadyDependency = class com.ibm.ws.app.manager.internal.ApplicationDependency@2690bbec
      futureMonitor = class com.ibm.ws.threading.internal.FutureMonitorImpl@4726e470
      future = class com.ibm.ws.threading.internal.NonCancelableResultFuture@2a5e1c6b
      desc = "resolves when we are ready for apps to start"
      seqNo = 1
      _appDepCounter = class java.util.concurrent.atomic.AtomicInteger@2eecb4a4
    _currentEpisode = null
    _appRecycleMap = class java.util.HashMap@7b2227be
      serialVersionUID = "/* Could not access serialVersionUID */"
      DEFAULT_INITIAL_CAPACITY = "/* Could not access DEFAULT_INITIAL_CAPACITY */"
      MAXIMUM_CAPACITY = "/* Could not access MAXIMUM_CAPACITY */"
      DEFAULT_LOAD_FACTOR = "/* Could not access DEFAULT_LOAD_FACTOR */"
      TREEIFY_THRESHOLD = "/* Could not access TREEIFY_THRESHOLD */"
      UNTREEIFY_THRESHOLD = "/* Could not access UNTREEIFY_THRESHOLD */"
      MIN_TREEIFY_CAPACITY = "/* Could not access MIN_TREEIFY_CAPACITY */"
      table = "/* Could not access table */"
      entrySet = "/* Could not access entrySet */"
      size = "/* Could not access size */"
      modCount = "/* Could not access modCount */"
      threshold = "/* Could not access threshold */"
      loadFactor = "/* Could not access loadFactor */"
      keySet = "/* Could not access keySet */"
      values = "/* Could not access values */"
    _configAdmin = class com.ibm.ws.config.admin.internal.ConfigurationAdminImpl@35fe2bb0
      tc = class com.ibm.websphere.ras.TraceComponent@65e3a510
      bundle = class org.eclipse.osgi.internal.framework.EquinoxBundle@7badd33d
      caFactory = class com.ibm.ws.config.admin.internal.ConfigAdminServiceFactory@5f2929e2
      serialVersionUID = -2875522750804142523
    _locAdmin = class com.ibm.ws.kernel.service.location.internal.WsLocationAdminImpl@2015699b
      tc = class com.ibm.websphere.ras.TraceComponent@39aa6428
      LOC_INTERNAL_LIB_DIR = "wlp.lib.dir"
      LOC_INTERNAL_WORKAREA_DIR = "wlp.workarea.dir"
      LOC_AREA_NAME_APPS = "shared/apps/"
      LOC_AREA_NAME_CONFIG = "shared/config/"
      LOC_AREA_NAME_RESC = "shared/resources/"
      LOC_AREA_NAME_STATE = "logs/state/"
      LOC_AREA_NAME_SERVERS = "servers/"
      LOC_AREA_NAME_CLIENTS = "clients/"
      LOC_AREA_NAME_WORKING = "workarea/"
      LOC_AREA_NAME_LOGS = "logs/"
      LOC_AREA_NAME_EXTENSION = "extension/"
      instance = class com.ibm.ws.kernel.service.location.internal.WsLocationAdminImpl@2015699b
      installRoot = class com.ibm.ws.kernel.service.location.internal.SymbolicRootResource@5dde7315
      installParentRoot = class com.ibm.ws.kernel.service.location.internal.SymbolicRootResource@30ca4bd6
      userRoot = class com.ibm.ws.kernel.service.location.internal.SymbolicRootResource@12784aea
      usrExtensionRoot = class com.ibm.ws.kernel.service.location.internal.SymbolicRootResource@582bffda
      serverConfigDir = class com.ibm.ws.kernel.service.location.internal.SymbolicRootResource@76c36911
      serverOutputDir = class com.ibm.ws.kernel.service.location.internal.SymbolicRootResource@76c36911
      bootstrapLib = class com.ibm.ws.kernel.service.location.internal.LocalFileResource@14b518e4
      serverWorkarea = class com.ibm.ws.kernel.service.location.internal.LocalFileResource@444a2f82
      serverState = class com.ibm.ws.kernel.service.location.internal.LocalFileResource@4398cdfe
      sharedAppsRoot = class com.ibm.ws.kernel.service.location.internal.SymbolicRootResource@2efebf7d
      sharedConfigRoot = class com.ibm.ws.kernel.service.location.internal.SymbolicRootResource@1230f07e
      sharedResourceRoot = class com.ibm.ws.kernel.service.location.internal.SymbolicRootResource@793eb85
      tmpRoot = class com.ibm.ws.kernel.service.location.internal.SymbolicRootResource@26121b4
      serverName = "defaultServer"
      resourcePaths = class java.util.ArrayList@59bf73d2
      resourceGroups = class java.util.HashMap@4c19db9b
      commonRoot = class com.ibm.ws.kernel.service.location.internal.VirtualRootResource@544ece5e
      serverCfgDirStr = "/usr/local/proyectos/PupaSv/target/liberty/wlp/usr/servers/defaultServer/"
      variableSourceDirs = "/usr/local/proyectos/PupaSv/target/liberty/wlp/usr/servers/defaultServer/variables/"
      serialVersionUID = 7963438175177362522
    _futureMonitor = class com.ibm.ws.threading.internal.FutureMonitorImpl@4726e470
    _runtimeUpdateManager = class com.ibm.ws.runtime.update.internal.RuntimeUpdateManagerImpl@4984122b
      tc = class com.ibm.websphere.ras.TraceComponent@aa48dfe
      futureMonitor = class com.ibm.ws.threading.internal.FutureMonitorImpl@4726e470
      normalServerStop = class java.util.concurrent.atomic.AtomicBoolean@d84b10e
      updateListeners = class java.util.HashSet@67cf392
      notifications = class java.util.HashMap@cf241cf
      bundleCtx = class org.eclipse.osgi.internal.framework.BundleContextImpl@2915f337
      cleanupListener = class com.ibm.ws.runtime.update.internal.RuntimeUpdateManagerImpl$1@47708d61
      locationService = class com.ibm.ws.kernel.service.location.internal.WsLocationAdminImpl@2015699b
      libertyProcess = class com.ibm.ws.kernel.launch.internal.LibertyProcessImpl@6fd44840
      executorService = class com.ibm.ws.threading.internal.ExecutorServiceImpl@7f2e3c36
      serialVersionUID = -6215238739117988494
    _artifactFactory = class com.ibm.ws.artifact.internal.ArtifactContainerFactoryService@5dd3b76e
      CATEGORY_PROP_NAME = "category"
      ENTRY_KEY = "com.ibm.wsspi.artifact.ArtifactEntry"
      helperMap = class com.ibm.wsspi.kernel.service.utils.ConcurrentServiceReferenceSetMap@2824e506
      contributorMap = class com.ibm.wsspi.kernel.service.utils.ConcurrentServiceReferenceSetMap@5fde5140
      helperCategoryMap = class com.ibm.wsspi.kernel.service.utils.ConcurrentServiceReferenceSetMap@2701b43e
      contributorCategoryMap = class com.ibm.wsspi.kernel.service.utils.ConcurrentServiceReferenceSetMap@1abcaf30
      categories = class java.util.Collections$SynchronizedSet@15bf65b4
      baseProperties = class org.apache.felix.scr.impl.helper.ReadOnlyDictionary@38467212
      registration = class com.ibm.ws.kernel.service.util.ServiceRegistrationModifier@124c9160
      serialVersionUID = 6566424214406946230
      $$$tc$$$ = class com.ibm.websphere.ras.TraceComponent@2a3619c6
    _moduleFactory = class com.ibm.ws.adaptable.module.internal.AdaptableModuleFactoryImpl@46931296
      adapterFactoryService = class com.ibm.ws.adaptable.module.internal.AdapterFactoryServiceImpl@60261313
      containerFactory = class com.ibm.ws.artifact.internal.ArtifactContainerFactoryService@5dd3b76e
      overlayContainerFactory = class com.ibm.ws.artifact.overlay.internal.OverlayContainerFactoryImpl@6b34908c
      serialVersionUID = 4200251809856292987
      $$$tc$$$ = class com.ibm.websphere.ras.TraceComponent@462d111d
    _executor = class com.ibm.ws.threading.internal.ExecutorServiceImpl@7f2e3c36
      tc = class com.ibm.websphere.ras.TraceComponent@5c6ac66
      threadPool = class java.util.concurrent.ThreadPoolExecutor@56f81341
      threadPoolController = class com.ibm.ws.threading.internal.ThreadPoolController@9b53c3c
      poolName = "Default Executor"
      MINIMUM_POOL_SIZE = 4
      MINIMUM_QUIESCE_TIMEOUT = 30
      quiesceTimeout = 30
      componentConfig = class org.apache.felix.scr.impl.helper.ReadOnlyDictionary@10853981
      interceptorsActive = false
      interceptors = class java.util.concurrent.CopyOnWriteArraySet@17496442
      threadFactory = null
      serverStopping = false
      isBeta = false
      phaser = class java.util.concurrent.Phaser@5d37ef1d
      serialVersionUID = 4909002417577978905
    _scheduledExecutor = class com.ibm.ws.threading.internal.ScheduledExecutorImpl@2f9e5a4b
      threadGroupName = "Scheduled Executor Thread Group"
      executor = class com.ibm.ws.threading.internal.ExecutorServiceImpl@7f2e3c36
      serialVersionUID = -9110693807503469597
      $$$tc$$$ = class com.ibm.websphere.ras.TraceComponent@2e50780
      continueExistingPeriodicTasksAfterShutdown = "/* Could not access continueExistingPeriodicTasksAfterShutdown */"
      executeExistingDelayedTasksAfterShutdown = "/* Could not access executeExistingDelayedTasksAfterShutdown */"
      removeOnCancel = "/* Could not access removeOnCancel */"
      sequencer = "/* Could not access sequencer */"
      DEFAULT_KEEPALIVE_MILLIS = "/* Could not access DEFAULT_KEEPALIVE_MILLIS */"
      ctl = "/* Could not access ctl */"
      COUNT_BITS = "/* Could not access COUNT_BITS */"
      COUNT_MASK = "/* Could not access COUNT_MASK */"
      RUNNING = "/* Could not access RUNNING */"
      SHUTDOWN = "/* Could not access SHUTDOWN */"
      STOP = "/* Could not access STOP */"
      TIDYING = "/* Could not access TIDYING */"
      TERMINATED = "/* Could not access TERMINATED */"
      workQueue = "/* Could not access workQueue */"
      mainLock = "/* Could not access mainLock */"
      workers = "/* Could not access workers */"
      termination = "/* Could not access termination */"
      container = "/* Could not access container */"
      largestPoolSize = "/* Could not access largestPoolSize */"
      completedTaskCount = "/* Could not access completedTaskCount */"
      threadFactory = "/* Could not access threadFactory */"
      handler = "/* Could not access handler */"
      keepAliveTime = "/* Could not access keepAliveTime */"
      allowCoreThreadTimeOut = "/* Could not access allowCoreThreadTimeOut */"
      corePoolSize = "/* Could not access corePoolSize */"
      maximumPoolSize = "/* Could not access maximumPoolSize */"
      defaultHandler = "/* Could not access defaultHandler */"
      shutdownPerm = "/* Could not access shutdownPerm */"
      ONLY_ONE = "/* Could not access ONLY_ONE */"
      $assertionsDisabled = "/* Could not access $assertionsDisabled */"
    _appMonitorConfigurator = class com.ibm.ws.app.manager.internal.monitor.AppMonitorConfigurator@6ae89f2c
      appMonitor = class com.ibm.ws.app.manager.internal.monitor.ApplicationMonitor@3b43ba88
      dropinMonitor = class com.ibm.ws.app.manager.internal.monitor.DropinMonitor@16ff29f0
      appMonitorConfig = class com.ibm.ws.app.manager.internal.monitor.ApplicationMonitorConfig@39cb960c
      serialVersionUID = 3950085264800962571
      $$$tc$$$ = class com.ibm.websphere.ras.TraceComponent@58e93714
    _applicationManager = class com.ibm.ws.app.manager.ApplicationManager@3494f56b
      expandApps = true
      useJandex = false
      startTimeout = 30
      stopTimeout = 30
      expandLocation = "/usr/local/proyectos/PupaSv/target/liberty/wlp/usr/servers/defaultServer/apps/expanded/"
      extractedLog = class java.io.File@5781dbd5
      extractsDataLog = class java.util.concurrent.ConcurrentHashMap@bbca46d
      APPNAME_KEY = "appName"
      APPNAME_CALLBACK = class com.ibm.ws.app.manager.ApplicationManager$1@f2c5ab2
      serialVersionUID = -4857646304502982718
      $$$tc$$$ = class com.ibm.websphere.ras.TraceComponent@742ce221
    _checkpointPhase = class io.openliberty.checkpoint.spi.CheckpointPhase@9d4a18
      AFTER_APP_START = class io.openliberty.checkpoint.spi.CheckpointPhase@7fe20c99
      BEFORE_APP_START = class io.openliberty.checkpoint.spi.CheckpointPhase@62564ffe
      INACTIVE = class io.openliberty.checkpoint.spi.CheckpointPhase@9d4a18
      CHECKPOINT_PROPERTY = "io.openliberty.checkpoint"
      CHECKPOINT_ACTIVE_FILTER = "(!(io.openliberty.checkpoint=INACTIVE))"
      CHECKPOINT_RESTORED_PROPERTY = "io.openliberty.checkpoint.restored"
      CONDITION_PROCESS_RUNNING_ID = "io.openliberty.process.running"
      CONDITION_BEFORE_CHECKPOINT_ID = "io.openliberty.before.checkpoint"
      SERVICE_RANKING = "service.ranking"
      restored = true
      blockAddHooks = false
      singleThreadedHooks = class java.util.HashMap@2ed7183f
      multiThreadedHooks = class java.util.HashMap@329ea1e4
      contextRef = class java.lang.ref.WeakReference@5df7e5ea
      registerService = null
      unregisterService = null
      THE_PHASE = class io.openliberty.checkpoint.spi.CheckpointPhase@9d4a18
      DEBUG = false
      checkpointLock = class java.util.concurrent.locks.ReentrantReadWriteLock@d0e6815
      $VALUES = class io.openliberty.checkpoint.spi.CheckpointPhase[3]
      name = "/* Could not access name */"
      ordinal = "/* Could not access ordinal */"
      hash = "/* Could not access hash */"
    _restoreMessages = class java.util.concurrent.CopyOnWriteArrayList@44fa5210
      serialVersionUID = "/* Could not access serialVersionUID */"
      lock = "/* Could not access lock */"
      array = "/* Could not access array */"
    SIMPLE_INITIAL_UPDATE_NOTIFICATIONS = class java.util.Arrays$ArrayList@2d0605ee
      serialVersionUID = "/* Could not access serialVersionUID */"
      a = "/* Could not access a */"
      modCount = "/* Could not access modCount */"
    serialVersionUID = -7226738620475991472
  failStartCheckpoint = class java.util.concurrent.atomic.AtomicReference@1a8b6660
    serialVersionUID = "/* Could not access serialVersionUID */"
    VALUE = "/* Could not access VALUE */"
    value = "/* Could not access value */"
  _listener = class com.ibm.ws.app.manager.internal.statemachine.StartAction$1@deea661
    this$0 = class com.ibm.ws.app.manager.internal.statemachine.StartAction@28e95ba7
    serialVersionUID = 276196939532533882
    $$$tc$$$ = class com.ibm.websphere.ras.TraceComponent@7835f34d
      strings[0] = "TraceComponent[com.ibm.ws.app.manager.internal.statemachine.StartAction$1,class com.ibm.ws.app.manager.internal.statemachine.StartAction$1,[applications, app.manager],com.ibm.ws.app.manager.internal.resources.AppManagerMessages,null]"
  serialVersionUID = -3521364065179231643

Dump of objectArray[0]
Object type = com.ibm.ws.threading.internal.ScheduledExecutorImpl
  threadGroupName = "Scheduled Executor Thread Group"
  executor = class com.ibm.ws.threading.internal.ExecutorServiceImpl@7f2e3c36
    tc = class com.ibm.websphere.ras.TraceComponent@5c6ac66
      strings[0] = "TraceComponent[com.ibm.ws.threading.internal.ExecutorServiceImpl,class com.ibm.ws.threading.internal.ExecutorServiceImpl,[Threading],com.ibm.ws.threading.internal.resources.ThreadingMessages,null]"
    threadPool = class java.util.concurrent.ThreadPoolExecutor@56f81341
      ctl = "/* Could not access ctl */"
      COUNT_BITS = "/* Could not access COUNT_BITS */"
      COUNT_MASK = "/* Could not access COUNT_MASK */"
      RUNNING = "/* Could not access RUNNING */"
      SHUTDOWN = "/* Could not access SHUTDOWN */"
      STOP = "/* Could not access STOP */"
      TIDYING = "/* Could not access TIDYING */"
      TERMINATED = "/* Could not access TERMINATED */"
      workQueue = "/* Could not access workQueue */"
      mainLock = "/* Could not access mainLock */"
      workers = "/* Could not access workers */"
      termination = "/* Could not access termination */"
      container = "/* Could not access container */"
      largestPoolSize = "/* Could not access largestPoolSize */"
      completedTaskCount = "/* Could not access completedTaskCount */"
      threadFactory = "/* Could not access threadFactory */"
      handler = "/* Could not access handler */"
      keepAliveTime = "/* Could not access keepAliveTime */"
      allowCoreThreadTimeOut = "/* Could not access allowCoreThreadTimeOut */"
      corePoolSize = "/* Could not access corePoolSize */"
      maximumPoolSize = "/* Could not access maximumPoolSize */"
      defaultHandler = "/* Could not access defaultHandler */"
      shutdownPerm = "/* Could not access shutdownPerm */"
      ONLY_ONE = "/* Could not access ONLY_ONE */"
      $assertionsDisabled = "/* Could not access $assertionsDisabled */"
    threadPoolController = class com.ibm.ws.threading.internal.ThreadPoolController@9b53c3c
      tc = class com.ibm.websphere.ras.TraceComponent@604e26aa
      interval = 1500
      hangInterval = 750
      hangResolutionCountdown = 0
      hangResolutionCycles = 3
      hangBufferPoolSize = 0
      currentMinimumPoolSize = 24
      controllerCyclesWithoutHang = 0
      noHangCyclesThreshold = 8
      compareRange = 4
      numberCpus = 12
      controllerCycle = 0
      distributionReset = false
      poolIncrement = 1
      poolDecrement = 1
      maxThreadsPoolDecrement = 1
      poolChangeBasis = 12
      poolIncrementBoundLow = 192
      poolIncrementBoundMedium = 768
      poolIncrementBoundHigh = 1536
      poolIncrementBoundExtraHigh = 3072
      poolIncrementMax = 48
      poolIncrementMin = 1
      POOL_INCREMENT_MIN_DEFAULT = 1
      POOL_INCREMENT_MAX_DEFAULT = 48
      minimumDesiredPoolSizeAdjustments = 10
      targetPoolSize = 24
      consecutiveTargetPoolSizeWrong = 0
      MAX_CONSECUTIVE_TARGET_POOLSIZE_WRONG = 3
      highCpu = 90
      lowTputThreadsRatio = 1.0
      activeThreadsGrowthRatio = 0.75
      dataAgePruneLevel = 5.0
      compareSpanPruneMultiplier = 2
      tputRatioPruneLevel = 5.0
      poolTputRatioHigh = 5.0
      poolTputRatioLow = 3.0
      compareSpanRatioMultiplier = 2
      growScoreFilterLevel = 0.5
      shrinkScoreFilterLevel = 0.5
      growShrinkDiffFilter = 0.25
      resetDistroStdDevEwmaRatio = 0.1
      resetDistroNewTputEwmaRatio = 0.5
      resetDistroConsecutiveOutliers = 5.0
      deepQueueMultiple = 4
      consecutiveDeepQueueThreshold = 5
      deepQueuePoolIncrementMultiple = 4
      startupPoolSize = 6
      initialStartupCompleted = false
      startupHangCpuUtilThreshold = 10
      startupHangControllerCyclesSkip = 2
      processCpuUtil = 8.372069015478395E-9
      systemCpuUtil = 50.0
      cpuUtil = 50.0
      df = class java.text.DecimalFormat@7958f4e9
      queueDepth = 0
      deepQueue = false
      consecutiveDeepQueueCycles = 0
      activeThreads = 0
      MAX_INTERVALS_WITHOUT_CHANGE = 5
      EMPTY_QUEUE_SHRINK_MAGIC_PER_INTERVAL = 0.04
      IDLE_INTERVALS_BEFORE_PAUSE = 3
      MAX_OUTLIER_AFTER_CHANGE_BEFORE_RESET = 10
      maxThreadsToBreakHang = 1000
      lastAction = class com.ibm.ws.threading.internal.ThreadPoolController$LastAction@794db918
      timer = class java.util.Timer@7f357f4b
      activeTask = class com.ibm.ws.threading.internal.IntervalTask@4c59677d
      paused = false
      lastTimerPop = 1741903143221
      previousCompleted = 0
      previousThroughput = 0.0
      consecutiveQueueEmptyCount = 0
      consecutiveNoAdjustment = 0
      consecutiveOutlierAfterAdjustment = 0
      consecutiveIdleCount = 0
      maxThreads = 2147483647
      coreThreads = 24
      threadRange = 2147483623
      threadPool = class java.util.concurrent.ThreadPoolExecutor@56f81341
      threadStats = class java.util.TreeMap@72983da3
      poolSizeWhenHangDetected = -1
      hangIntervalCounter = 0
      hangMaxThreadsMessageEmitted = false
      startupCycleSkipCount = 2
      normalizedStartupHangCpuUtilThreshold = 5
      serialVersionUID = -4031134207551568497
    poolName = "Default Executor"
    MINIMUM_POOL_SIZE = 4
    MINIMUM_QUIESCE_TIMEOUT = 30
    quiesceTimeout = 30
    componentConfig = class org.apache.felix.scr.impl.helper.ReadOnlyDictionary@10853981
      m_delegate = class java.util.Hashtable@3b9fe9d
      m_serviceReference = null
    interceptorsActive = false
    interceptors = class java.util.concurrent.CopyOnWriteArraySet@17496442
      serialVersionUID = "/* Could not access serialVersionUID */"
      al = "/* Could not access al */"
    threadFactory = null
    serverStopping = false
    isBeta = false
    phaser = class java.util.concurrent.Phaser@5d37ef1d
      state = "/* Could not access state */"
      MAX_PARTIES = "/* Could not access MAX_PARTIES */"
      MAX_PHASE = "/* Could not access MAX_PHASE */"
      PARTIES_SHIFT = "/* Could not access PARTIES_SHIFT */"
      PHASE_SHIFT = "/* Could not access PHASE_SHIFT */"
      UNARRIVED_MASK = "/* Could not access UNARRIVED_MASK */"
      PARTIES_MASK = "/* Could not access PARTIES_MASK */"
      COUNTS_MASK = "/* Could not access COUNTS_MASK */"
      TERMINATION_BIT = "/* Could not access TERMINATION_BIT */"
      ONE_ARRIVAL = "/* Could not access ONE_ARRIVAL */"
      ONE_PARTY = "/* Could not access ONE_PARTY */"
      ONE_DEREGISTER = "/* Could not access ONE_DEREGISTER */"
      EMPTY = "/* Could not access EMPTY */"
      parent = "/* Could not access parent */"
      root = "/* Could not access root */"
      evenQ = "/* Could not access evenQ */"
      oddQ = "/* Could not access oddQ */"
      NCPU = "/* Could not access NCPU */"
      SPINS_PER_ARRIVAL = "/* Could not access SPINS_PER_ARRIVAL */"
      STATE = "/* Could not access STATE */"
    serialVersionUID = 4909002417577978905
  serialVersionUID = -9110693807503469597
  $$$tc$$$ = class com.ibm.websphere.ras.TraceComponent@2e50780
    strings[0] = "TraceComponent[com.ibm.ws.threading.internal.ScheduledExecutorImpl,class com.ibm.ws.threading.internal.ScheduledExecutorImpl,[Threading],com.ibm.ws.threading.internal.resources.ThreadingMessages,null]"
  continueExistingPeriodicTasksAfterShutdown = "/* Could not access continueExistingPeriodicTasksAfterShutdown */"
  executeExistingDelayedTasksAfterShutdown = "/* Could not access executeExistingDelayedTasksAfterShutdown */"
  removeOnCancel = "/* Could not access removeOnCancel */"
  sequencer = "/* Could not access sequencer */"
  DEFAULT_KEEPALIVE_MILLIS = "/* Could not access DEFAULT_KEEPALIVE_MILLIS */"
  ctl = "/* Could not access ctl */"
  COUNT_BITS = "/* Could not access COUNT_BITS */"
  COUNT_MASK = "/* Could not access COUNT_MASK */"
  RUNNING = "/* Could not access RUNNING */"
  SHUTDOWN = "/* Could not access SHUTDOWN */"
  STOP = "/* Could not access STOP */"
  TIDYING = "/* Could not access TIDYING */"
  TERMINATED = "/* Could not access TERMINATED */"
  workQueue = "/* Could not access workQueue */"
  mainLock = "/* Could not access mainLock */"
  workers = "/* Could not access workers */"
  termination = "/* Could not access termination */"
  container = "/* Could not access container */"
  largestPoolSize = "/* Could not access largestPoolSize */"
  completedTaskCount = "/* Could not access completedTaskCount */"
  threadFactory = "/* Could not access threadFactory */"
  handler = "/* Could not access handler */"
  keepAliveTime = "/* Could not access keepAliveTime */"
  allowCoreThreadTimeOut = "/* Could not access allowCoreThreadTimeOut */"
  corePoolSize = "/* Could not access corePoolSize */"
  maximumPoolSize = "/* Could not access maximumPoolSize */"
  defaultHandler = "/* Could not access defaultHandler */"
  shutdownPerm = "/* Could not access shutdownPerm */"
  ONLY_ONE = "/* Could not access ONLY_ONE */"
  $assertionsDisabled = "/* Could not access $assertionsDisabled */"

